1517 [main] INFO  ru.ksenideni.Task14Application – Starting Task14Application using Java 17.0.1 on LAPTOP-6ELOLVGJ with PID 11616 (C:\Users\Acer\Desktop\ideaU\task14\target\classes started by Acer in C:\Users\Acer\Desktop\ideaU\task14)
1531 [main] INFO  ru.ksenideni.Task14Application – No active profile set, falling back to 1 default profile: "default"
2979 [main] INFO  o.s.d.r.c.RepositoryConfigurationDelegate – Bootstrapping Spring Data JPA repositories in DEFAULT mode.
3099 [main] INFO  o.s.d.r.c.RepositoryConfigurationDelegate – Finished Spring Data repository scanning in 98 ms. Found 2 JPA repository interfaces.
4947 [main] INFO  o.s.b.w.e.tomcat.TomcatWebServer – Tomcat initialized with port(s): 8080 (http)
4965 [main] INFO  o.a.coyote.http11.Http11NioProtocol – Initializing ProtocolHandler ["http-nio-8080"]
4966 [main] INFO  o.a.catalina.core.StandardService – Starting service [Tomcat]
4966 [main] INFO  o.a.catalina.core.StandardEngine – Starting Servlet engine: [Apache Tomcat/9.0.58]
5170 [main] INFO  o.a.c.c.C.[Tomcat].[localhost].[/] – Initializing Spring embedded WebApplicationContext
5171 [main] INFO  o.s.b.w.s.c.ServletWebServerApplicationContext – Root WebApplicationContext: initialization completed in 3528 ms
5716 [main] INFO  o.h.jpa.internal.util.LogHelper – HHH000204: Processing PersistenceUnitInfo [name: default]
5837 [main] INFO  org.hibernate.Version – HHH000412: Hibernate ORM core version 5.6.5.Final
6110 [main] INFO  o.h.annotations.common.Version – HCANN000001: Hibernate Commons Annotations {5.1.2.Final}
6290 [main] INFO  com.zaxxer.hikari.HikariDataSource – HikariPool-1 - Starting...
6707 [main] INFO  com.zaxxer.hikari.pool.HikariPool – HikariPool-1 - Added connection org.postgresql.jdbc.PgConnection@5b7308aa
6710 [main] INFO  com.zaxxer.hikari.HikariDataSource – HikariPool-1 - Start completed.
6746 [main] INFO  org.hibernate.dialect.Dialect – HHH000400: Using dialect: org.hibernate.dialect.PostgreSQL10Dialect
8362 [main] INFO  o.h.e.t.j.p.i.JtaPlatformInitiator – HHH000490: Using JtaPlatform implementation: [org.hibernate.engine.transaction.jta.platform.internal.NoJtaPlatform]
8385 [main] INFO  o.s.o.j.LocalContainerEntityManagerFactoryBean – Initialized JPA EntityManagerFactory for persistence unit 'default'
8443 [main] WARN  o.s.b.w.s.c.AnnotationConfigServletWebServerApplicationContext – Exception encountered during context initialization - cancelling refresh attempt: org.springframework.beans.factory.BeanCreationException: Error creating bean with name 'emailService': Injection of autowired dependencies failed; nested exception is java.lang.IllegalArgumentException: Could not resolve placeholder 'spring.mail.username' in value "${spring.mail.username}"
8444 [main] INFO  o.s.o.j.LocalContainerEntityManagerFactoryBean – Closing JPA EntityManagerFactory for persistence unit 'default'
8449 [main] INFO  com.zaxxer.hikari.HikariDataSource – HikariPool-1 - Shutdown initiated...
8460 [main] INFO  com.zaxxer.hikari.HikariDataSource – HikariPool-1 - Shutdown completed.
8467 [main] INFO  o.a.catalina.core.StandardService – Stopping service [Tomcat]
8500 [main] INFO  o.s.b.a.l.ConditionEvaluationReportLoggingListener – 

Error starting ApplicationContext. To display the conditions report re-run your application with 'debug' enabled.
8536 [main] ERROR o.s.boot.SpringApplication – Application run failed
org.springframework.beans.factory.BeanCreationException: Error creating bean with name 'emailService': Injection of autowired dependencies failed; nested exception is java.lang.IllegalArgumentException: Could not resolve placeholder 'spring.mail.username' in value "${spring.mail.username}"
	at org.springframework.beans.factory.annotation.AutowiredAnnotationBeanPostProcessor.postProcessProperties(AutowiredAnnotationBeanPostProcessor.java:405)
	at org.springframework.beans.factory.support.AbstractAutowireCapableBeanFactory.populateBean(AbstractAutowireCapableBeanFactory.java:1431)
	at org.springframework.beans.factory.support.AbstractAutowireCapableBeanFactory.doCreateBean(AbstractAutowireCapableBeanFactory.java:619)
	at org.springframework.beans.factory.support.AbstractAutowireCapableBeanFactory.createBean(AbstractAutowireCapableBeanFactory.java:542)
	at org.springframework.beans.factory.support.AbstractBeanFactory.lambda$doGetBean$0(AbstractBeanFactory.java:335)
	at org.springframework.beans.factory.support.DefaultSingletonBeanRegistry.getSingleton(DefaultSingletonBeanRegistry.java:234)
	at org.springframework.beans.factory.support.AbstractBeanFactory.doGetBean(AbstractBeanFactory.java:333)
	at org.springframework.beans.factory.support.AbstractBeanFactory.getBean(AbstractBeanFactory.java:208)
	at org.springframework.beans.factory.support.DefaultListableBeanFactory.preInstantiateSingletons(DefaultListableBeanFactory.java:953)
	at org.springframework.context.support.AbstractApplicationContext.finishBeanFactoryInitialization(AbstractApplicationContext.java:918)
	at org.springframework.context.support.AbstractApplicationContext.refresh(AbstractApplicationContext.java:583)
	at org.springframework.boot.web.servlet.context.ServletWebServerApplicationContext.refresh(ServletWebServerApplicationContext.java:145)
	at org.springframework.boot.SpringApplication.refresh(SpringApplication.java:740)
	at org.springframework.boot.SpringApplication.refreshContext(SpringApplication.java:415)
	at org.springframework.boot.SpringApplication.run(SpringApplication.java:303)
	at org.springframework.boot.SpringApplication.run(SpringApplication.java:1312)
	at org.springframework.boot.SpringApplication.run(SpringApplication.java:1301)
	at ru.ksenideni.Task14Application.main(Task14Application.java:10)
Caused by: java.lang.IllegalArgumentException: Could not resolve placeholder 'spring.mail.username' in value "${spring.mail.username}"
	at org.springframework.util.PropertyPlaceholderHelper.parseStringValue(PropertyPlaceholderHelper.java:180)
	at org.springframework.util.PropertyPlaceholderHelper.replacePlaceholders(PropertyPlaceholderHelper.java:126)
	at org.springframework.core.env.AbstractPropertyResolver.doResolvePlaceholders(AbstractPropertyResolver.java:239)
	at org.springframework.core.env.AbstractPropertyResolver.resolveRequiredPlaceholders(AbstractPropertyResolver.java:210)
	at org.springframework.context.support.PropertySourcesPlaceholderConfigurer.lambda$processProperties$0(PropertySourcesPlaceholderConfigurer.java:191)
	at org.springframework.beans.factory.support.AbstractBeanFactory.resolveEmbeddedValue(AbstractBeanFactory.java:936)
	at org.springframework.beans.factory.support.DefaultListableBeanFactory.doResolveDependency(DefaultListableBeanFactory.java:1330)
	at org.springframework.beans.factory.support.DefaultListableBeanFactory.resolveDependency(DefaultListableBeanFactory.java:1309)
	at org.springframework.beans.factory.annotation.AutowiredAnnotationBeanPostProcessor$AutowiredFieldElement.resolveFieldValue(AutowiredAnnotationBeanPostProcessor.java:656)
	at org.springframework.beans.factory.annotation.AutowiredAnnotationBeanPostProcessor$AutowiredFieldElement.inject(AutowiredAnnotationBeanPostProcessor.java:639)
	at org.springframework.beans.factory.annotation.InjectionMetadata.inject(InjectionMetadata.java:119)
	at org.springframework.beans.factory.annotation.AutowiredAnnotationBeanPostProcessor.postProcessProperties(AutowiredAnnotationBeanPostProcessor.java:399)
	... 17 common frames omitted
994  [main] INFO  ru.ksenideni.Task14Application – Starting Task14Application using Java 17.0.1 on LAPTOP-6ELOLVGJ with PID 8420 (C:\Users\Acer\Desktop\ideaU\task14\target\classes started by Acer in C:\Users\Acer\Desktop\ideaU\task14)
994  [main] INFO  ru.ksenideni.Task14Application – No active profile set, falling back to 1 default profile: "default"
1778 [main] INFO  o.s.d.r.c.RepositoryConfigurationDelegate – Bootstrapping Spring Data JPA repositories in DEFAULT mode.
1840 [main] INFO  o.s.d.r.c.RepositoryConfigurationDelegate – Finished Spring Data repository scanning in 53 ms. Found 2 JPA repository interfaces.
2840 [main] INFO  o.s.b.w.e.tomcat.TomcatWebServer – Tomcat initialized with port(s): 8080 (http)
2840 [main] INFO  o.a.coyote.http11.Http11NioProtocol – Initializing ProtocolHandler ["http-nio-8080"]
2840 [main] INFO  o.a.catalina.core.StandardService – Starting service [Tomcat]
2840 [main] INFO  o.a.catalina.core.StandardEngine – Starting Servlet engine: [Apache Tomcat/9.0.58]
2965 [main] INFO  o.a.c.c.C.[Tomcat].[localhost].[/] – Initializing Spring embedded WebApplicationContext
2965 [main] INFO  o.s.b.w.s.c.ServletWebServerApplicationContext – Root WebApplicationContext: initialization completed in 1901 ms
3280 [main] INFO  o.h.jpa.internal.util.LogHelper – HHH000204: Processing PersistenceUnitInfo [name: default]
3358 [main] INFO  org.hibernate.Version – HHH000412: Hibernate ORM core version 5.6.5.Final
3514 [main] INFO  o.h.annotations.common.Version – HCANN000001: Hibernate Commons Annotations {5.1.2.Final}
3624 [main] INFO  com.zaxxer.hikari.HikariDataSource – HikariPool-1 - Starting...
3842 [main] INFO  com.zaxxer.hikari.pool.HikariPool – HikariPool-1 - Added connection org.postgresql.jdbc.PgConnection@25de8898
3842 [main] INFO  com.zaxxer.hikari.HikariDataSource – HikariPool-1 - Start completed.
3874 [main] INFO  org.hibernate.dialect.Dialect – HHH000400: Using dialect: org.hibernate.dialect.PostgreSQL10Dialect
4678 [main] INFO  o.h.e.t.j.p.i.JtaPlatformInitiator – HHH000490: Using JtaPlatform implementation: [org.hibernate.engine.transaction.jta.platform.internal.NoJtaPlatform]
4694 [main] INFO  o.s.o.j.LocalContainerEntityManagerFactoryBean – Initialized JPA EntityManagerFactory for persistence unit 'default'
4984 [main] WARN  o.s.b.w.s.c.AnnotationConfigServletWebServerApplicationContext – Exception encountered during context initialization - cancelling refresh attempt: org.springframework.beans.factory.UnsatisfiedDependencyException: Error creating bean with name 'scheduleCashService' defined in file [C:\Users\Acer\Desktop\ideaU\task14\target\classes\ru\ksenideni\ScheduleCashService.class]: Unsatisfied dependency expressed through constructor parameter 0; nested exception is org.springframework.beans.factory.UnsatisfiedDependencyException: Error creating bean with name 'orderService' defined in file [C:\Users\Acer\Desktop\ideaU\task14\target\classes\ru\ksenideni\order\OrderService.class]: Unsatisfied dependency expressed through constructor parameter 1; nested exception is org.springframework.beans.factory.NoSuchBeanDefinitionException: No qualifying bean of type 'ru.ksenideni.EmailService' available: expected at least 1 bean which qualifies as autowire candidate. Dependency annotations: {}
4984 [main] INFO  o.s.o.j.LocalContainerEntityManagerFactoryBean – Closing JPA EntityManagerFactory for persistence unit 'default'
5001 [main] INFO  com.zaxxer.hikari.HikariDataSource – HikariPool-1 - Shutdown initiated...
5003 [main] INFO  com.zaxxer.hikari.HikariDataSource – HikariPool-1 - Shutdown completed.
5003 [main] INFO  o.a.catalina.core.StandardService – Stopping service [Tomcat]
5019 [main] INFO  o.s.b.a.l.ConditionEvaluationReportLoggingListener – 

Error starting ApplicationContext. To display the conditions report re-run your application with 'debug' enabled.
5050 [main] ERROR o.s.b.d.LoggingFailureAnalysisReporter – 

***************************
APPLICATION FAILED TO START
***************************

Description:

Parameter 1 of constructor in ru.ksenideni.order.OrderService required a bean of type 'ru.ksenideni.EmailService' that could not be found.


Action:

Consider defining a bean of type 'ru.ksenideni.EmailService' in your configuration.

956  [main] INFO  ru.ksenideni.Task14Application – Starting Task14Application using Java 17.0.1 on LAPTOP-6ELOLVGJ with PID 11596 (C:\Users\Acer\Desktop\ideaU\task14\target\classes started by Acer in C:\Users\Acer\Desktop\ideaU\task14)
968  [main] INFO  ru.ksenideni.Task14Application – No active profile set, falling back to 1 default profile: "default"
2036 [main] INFO  o.s.d.r.c.RepositoryConfigurationDelegate – Bootstrapping Spring Data JPA repositories in DEFAULT mode.
2098 [main] INFO  o.s.d.r.c.RepositoryConfigurationDelegate – Finished Spring Data repository scanning in 63 ms. Found 2 JPA repository interfaces.
3004 [main] INFO  o.s.b.w.e.tomcat.TomcatWebServer – Tomcat initialized with port(s): 8080 (http)
3020 [main] INFO  o.a.coyote.http11.Http11NioProtocol – Initializing ProtocolHandler ["http-nio-8080"]
3020 [main] INFO  o.a.catalina.core.StandardService – Starting service [Tomcat]
3020 [main] INFO  o.a.catalina.core.StandardEngine – Starting Servlet engine: [Apache Tomcat/9.0.58]
3119 [main] INFO  o.a.c.c.C.[Tomcat].[localhost].[/] – Initializing Spring embedded WebApplicationContext
3119 [main] INFO  o.s.b.w.s.c.ServletWebServerApplicationContext – Root WebApplicationContext: initialization completed in 2073 ms
3430 [main] INFO  o.h.jpa.internal.util.LogHelper – HHH000204: Processing PersistenceUnitInfo [name: default]
3476 [main] INFO  org.hibernate.Version – HHH000412: Hibernate ORM core version 5.6.5.Final
3601 [main] INFO  o.h.annotations.common.Version – HCANN000001: Hibernate Commons Annotations {5.1.2.Final}
3695 [main] INFO  com.zaxxer.hikari.HikariDataSource – HikariPool-1 - Starting...
3867 [main] INFO  com.zaxxer.hikari.pool.HikariPool – HikariPool-1 - Added connection org.postgresql.jdbc.PgConnection@1247c72e
3883 [main] INFO  com.zaxxer.hikari.HikariDataSource – HikariPool-1 - Start completed.
3898 [main] INFO  org.hibernate.dialect.Dialect – HHH000400: Using dialect: org.hibernate.dialect.PostgreSQL10Dialect
4599 [main] INFO  o.h.e.t.j.p.i.JtaPlatformInitiator – HHH000490: Using JtaPlatform implementation: [org.hibernate.engine.transaction.jta.platform.internal.NoJtaPlatform]
4599 [main] INFO  o.s.o.j.LocalContainerEntityManagerFactoryBean – Initialized JPA EntityManagerFactory for persistence unit 'default'
5089 [main] WARN  o.s.b.a.o.j.JpaBaseConfiguration$JpaWebConfiguration – spring.jpa.open-in-view is enabled by default. Therefore, database queries may be performed during view rendering. Explicitly configure spring.jpa.open-in-view to disable this warning
5714 [main] INFO  o.s.b.a.e.web.EndpointLinksResolver – Exposing 1 endpoint(s) beneath base path '/actuator'
5745 [main] INFO  o.a.coyote.http11.Http11NioProtocol – Starting ProtocolHandler ["http-nio-8080"]
5777 [main] INFO  o.s.b.w.e.tomcat.TomcatWebServer – Tomcat started on port(s): 8080 (http) with context path ''
5805 [main] INFO  ru.ksenideni.Task14Application – Started Task14Application in 5.329 seconds (JVM running for 6.517)
5820 [scheduling-1] INFO  ru.ksenideni.order.OrderService – Find all orders
5992 [scheduling-1] INFO  ru.ksenideni.aspect.TimeAspect – getAllOrders completed in 187ms
6324 [RMI TCP Connection(5)-172.30.176.1] INFO  o.a.c.c.C.[Tomcat].[localhost].[/] – Initializing Spring DispatcherServlet 'dispatcherServlet'
6324 [RMI TCP Connection(5)-172.30.176.1] INFO  o.s.web.servlet.DispatcherServlet – Initializing Servlet 'dispatcherServlet'
6324 [RMI TCP Connection(5)-172.30.176.1] INFO  o.s.web.servlet.DispatcherServlet – Completed initialization in 0 ms
6425 [RMI TCP Connection(4)-172.30.176.1] WARN  o.s.b.a.mail.MailHealthIndicator – Mail health check failed
javax.mail.AuthenticationFailedException: failed to connect, no password specified?
	at javax.mail.Service.connect(Service.java:376)
	at org.springframework.mail.javamail.JavaMailSenderImpl.connectTransport(JavaMailSenderImpl.java:518)
	at org.springframework.mail.javamail.JavaMailSenderImpl.testConnection(JavaMailSenderImpl.java:398)
	at org.springframework.boot.actuate.mail.MailHealthIndicator.doHealthCheck(MailHealthIndicator.java:42)
	at org.springframework.boot.actuate.health.AbstractHealthIndicator.health(AbstractHealthIndicator.java:82)
	at org.springframework.boot.actuate.health.HealthIndicator.getHealth(HealthIndicator.java:37)
	at org.springframework.boot.actuate.health.HealthEndpoint.getHealth(HealthEndpoint.java:77)
	at org.springframework.boot.actuate.health.HealthEndpoint.getHealth(HealthEndpoint.java:40)
	at org.springframework.boot.actuate.health.HealthEndpointSupport.getContribution(HealthEndpointSupport.java:130)
	at org.springframework.boot.actuate.health.HealthEndpointSupport.getAggregateContribution(HealthEndpointSupport.java:141)
	at org.springframework.boot.actuate.health.HealthEndpointSupport.getContribution(HealthEndpointSupport.java:126)
	at org.springframework.boot.actuate.health.HealthEndpointSupport.getHealth(HealthEndpointSupport.java:95)
	at org.springframework.boot.actuate.health.HealthEndpointSupport.getHealth(HealthEndpointSupport.java:66)
	at org.springframework.boot.actuate.health.HealthEndpoint.health(HealthEndpoint.java:71)
	at org.springframework.boot.actuate.health.HealthEndpoint.health(HealthEndpoint.java:61)
	at java.base/jdk.internal.reflect.NativeMethodAccessorImpl.invoke0(Native Method)
	at java.base/jdk.internal.reflect.NativeMethodAccessorImpl.invoke(NativeMethodAccessorImpl.java:77)
	at java.base/jdk.internal.reflect.DelegatingMethodAccessorImpl.invoke(DelegatingMethodAccessorImpl.java:43)
	at java.base/java.lang.reflect.Method.invoke(Method.java:568)
	at org.springframework.util.ReflectionUtils.invokeMethod(ReflectionUtils.java:282)
	at org.springframework.boot.actuate.endpoint.invoke.reflect.ReflectiveOperationInvoker.invoke(ReflectiveOperationInvoker.java:74)
	at org.springframework.boot.actuate.endpoint.annotation.AbstractDiscoveredOperation.invoke(AbstractDiscoveredOperation.java:60)
	at org.springframework.boot.actuate.endpoint.jmx.EndpointMBean.invoke(EndpointMBean.java:121)
	at org.springframework.boot.actuate.endpoint.jmx.EndpointMBean.invoke(EndpointMBean.java:96)
	at java.management/com.sun.jmx.interceptor.DefaultMBeanServerInterceptor.invoke(DefaultMBeanServerInterceptor.java:814)
	at java.management/com.sun.jmx.mbeanserver.JmxMBeanServer.invoke(JmxMBeanServer.java:802)
	at java.management.rmi/javax.management.remote.rmi.RMIConnectionImpl.doOperation(RMIConnectionImpl.java:1472)
	at java.management.rmi/javax.management.remote.rmi.RMIConnectionImpl$PrivilegedOperation.run(RMIConnectionImpl.java:1310)
	at java.management.rmi/javax.management.remote.rmi.RMIConnectionImpl.doPrivilegedOperation(RMIConnectionImpl.java:1405)
	at java.management.rmi/javax.management.remote.rmi.RMIConnectionImpl.invoke(RMIConnectionImpl.java:829)
	at java.base/jdk.internal.reflect.GeneratedMethodAccessor74.invoke(Unknown Source)
	at java.base/jdk.internal.reflect.DelegatingMethodAccessorImpl.invoke(DelegatingMethodAccessorImpl.java:43)
	at java.base/java.lang.reflect.Method.invoke(Method.java:568)
	at java.rmi/sun.rmi.server.UnicastServerRef.dispatch(UnicastServerRef.java:360)
	at java.rmi/sun.rmi.transport.Transport$1.run(Transport.java:200)
	at java.rmi/sun.rmi.transport.Transport$1.run(Transport.java:197)
	at java.base/java.security.AccessController.doPrivileged(AccessController.java:712)
	at java.rmi/sun.rmi.transport.Transport.serviceCall(Transport.java:196)
	at java.rmi/sun.rmi.transport.tcp.TCPTransport.handleMessages(TCPTransport.java:587)
	at java.rmi/sun.rmi.transport.tcp.TCPTransport$ConnectionHandler.run0(TCPTransport.java:828)
	at java.rmi/sun.rmi.transport.tcp.TCPTransport$ConnectionHandler.lambda$run$0(TCPTransport.java:705)
	at java.base/java.security.AccessController.doPrivileged(AccessController.java:399)
	at java.rmi/sun.rmi.transport.tcp.TCPTransport$ConnectionHandler.run(TCPTransport.java:704)
	at java.base/java.util.concurrent.ThreadPoolExecutor.runWorker(ThreadPoolExecutor.java:1136)
	at java.base/java.util.concurrent.ThreadPoolExecutor$Worker.run(ThreadPoolExecutor.java:635)
	at java.base/java.lang.Thread.run(Thread.java:833)
117045 [SpringApplicationShutdownHook] INFO  o.s.o.j.LocalContainerEntityManagerFactoryBean – Closing JPA EntityManagerFactory for persistence unit 'default'
117045 [SpringApplicationShutdownHook] INFO  com.zaxxer.hikari.HikariDataSource – HikariPool-1 - Shutdown initiated...
117045 [SpringApplicationShutdownHook] INFO  com.zaxxer.hikari.HikariDataSource – HikariPool-1 - Shutdown completed.
834  [main] INFO  ru.ksenideni.Task14Application – Starting Task14Application using Java 17.0.1 on LAPTOP-6ELOLVGJ with PID 4040 (C:\Users\Acer\Desktop\ideaU\task14\target\classes started by Acer in C:\Users\Acer\Desktop\ideaU\task14)
834  [main] INFO  ru.ksenideni.Task14Application – No active profile set, falling back to 1 default profile: "default"
1486 [main] INFO  o.s.d.r.c.RepositoryConfigurationDelegate – Bootstrapping Spring Data JPA repositories in DEFAULT mode.
1533 [main] INFO  o.s.d.r.c.RepositoryConfigurationDelegate – Finished Spring Data repository scanning in 42 ms. Found 2 JPA repository interfaces.
2377 [main] INFO  o.s.b.w.e.tomcat.TomcatWebServer – Tomcat initialized with port(s): 8080 (http)
2393 [main] INFO  o.a.coyote.http11.Http11NioProtocol – Initializing ProtocolHandler ["http-nio-8080"]
2393 [main] INFO  o.a.catalina.core.StandardService – Starting service [Tomcat]
2393 [main] INFO  o.a.catalina.core.StandardEngine – Starting Servlet engine: [Apache Tomcat/9.0.58]
2502 [main] INFO  o.a.c.c.C.[Tomcat].[localhost].[/] – Initializing Spring embedded WebApplicationContext
2502 [main] INFO  o.s.b.w.s.c.ServletWebServerApplicationContext – Root WebApplicationContext: initialization completed in 1600 ms
2790 [main] INFO  o.h.jpa.internal.util.LogHelper – HHH000204: Processing PersistenceUnitInfo [name: default]
2822 [main] INFO  org.hibernate.Version – HHH000412: Hibernate ORM core version 5.6.5.Final
2947 [main] INFO  o.h.annotations.common.Version – HCANN000001: Hibernate Commons Annotations {5.1.2.Final}
3040 [main] INFO  com.zaxxer.hikari.HikariDataSource – HikariPool-1 - Starting...
3212 [main] INFO  com.zaxxer.hikari.pool.HikariPool – HikariPool-1 - Added connection org.postgresql.jdbc.PgConnection@25ae1f80
3212 [main] INFO  com.zaxxer.hikari.HikariDataSource – HikariPool-1 - Start completed.
3244 [main] INFO  org.hibernate.dialect.Dialect – HHH000400: Using dialect: org.hibernate.dialect.PostgreSQL10Dialect
3940 [main] INFO  o.h.e.t.j.p.i.JtaPlatformInitiator – HHH000490: Using JtaPlatform implementation: [org.hibernate.engine.transaction.jta.platform.internal.NoJtaPlatform]
3940 [main] INFO  o.s.o.j.LocalContainerEntityManagerFactoryBean – Initialized JPA EntityManagerFactory for persistence unit 'default'
4390 [main] WARN  o.s.b.a.o.j.JpaBaseConfiguration$JpaWebConfiguration – spring.jpa.open-in-view is enabled by default. Therefore, database queries may be performed during view rendering. Explicitly configure spring.jpa.open-in-view to disable this warning
4906 [main] INFO  o.s.b.a.e.web.EndpointLinksResolver – Exposing 1 endpoint(s) beneath base path '/actuator'
4937 [main] INFO  o.a.coyote.http11.Http11NioProtocol – Starting ProtocolHandler ["http-nio-8080"]
4968 [main] INFO  o.s.b.w.e.tomcat.TomcatWebServer – Tomcat started on port(s): 8080 (http) with context path ''
4984 [main] INFO  ru.ksenideni.Task14Application – Started Task14Application in 4.618 seconds (JVM running for 5.681)
4999 [scheduling-1] INFO  ru.ksenideni.order.OrderService – Find all orders
5093 [scheduling-1] INFO  ru.ksenideni.aspect.TimeAspect – getAllOrders completed in 109ms
5419 [RMI TCP Connection(2)-172.30.176.1] INFO  o.a.c.c.C.[Tomcat].[localhost].[/] – Initializing Spring DispatcherServlet 'dispatcherServlet'
5419 [RMI TCP Connection(2)-172.30.176.1] INFO  o.s.web.servlet.DispatcherServlet – Initializing Servlet 'dispatcherServlet'
5419 [RMI TCP Connection(2)-172.30.176.1] INFO  o.s.web.servlet.DispatcherServlet – Completed initialization in 0 ms
60985 [http-nio-8080-exec-3] INFO  ru.ksenideni.order.OrderService – Find all orders
60990 [http-nio-8080-exec-3] INFO  ru.ksenideni.aspect.TimeAspect – getAllOrders completed in 5ms
82543 [SpringApplicationShutdownHook] INFO  o.s.o.j.LocalContainerEntityManagerFactoryBean – Closing JPA EntityManagerFactory for persistence unit 'default'
82543 [SpringApplicationShutdownHook] INFO  com.zaxxer.hikari.HikariDataSource – HikariPool-1 - Shutdown initiated...
82558 [SpringApplicationShutdownHook] INFO  com.zaxxer.hikari.HikariDataSource – HikariPool-1 - Shutdown completed.
1090 [main] INFO  ru.ksenideni.Task14Application – Starting Task14Application using Java 17.0.1 on LAPTOP-6ELOLVGJ with PID 13432 (C:\Users\Acer\Desktop\ideaU\task14\target\classes started by Acer in C:\Users\Acer\Desktop\ideaU\task14)
1105 [main] INFO  ru.ksenideni.Task14Application – No active profile set, falling back to 1 default profile: "default"
1889 [main] INFO  o.s.d.r.c.RepositoryConfigurationDelegate – Bootstrapping Spring Data JPA repositories in DEFAULT mode.
1952 [main] INFO  o.s.d.r.c.RepositoryConfigurationDelegate – Finished Spring Data repository scanning in 51 ms. Found 2 JPA repository interfaces.
2998 [main] INFO  o.s.b.w.e.tomcat.TomcatWebServer – Tomcat initialized with port(s): 8080 (http)
3014 [main] INFO  o.a.coyote.http11.Http11NioProtocol – Initializing ProtocolHandler ["http-nio-8080"]
3014 [main] INFO  o.a.catalina.core.StandardService – Starting service [Tomcat]
3014 [main] INFO  o.a.catalina.core.StandardEngine – Starting Servlet engine: [Apache Tomcat/9.0.58]
3123 [main] INFO  o.a.c.c.C.[Tomcat].[localhost].[/] – Initializing Spring embedded WebApplicationContext
3123 [main] INFO  o.s.b.w.s.c.ServletWebServerApplicationContext – Root WebApplicationContext: initialization completed in 1957 ms
3436 [main] INFO  o.h.jpa.internal.util.LogHelper – HHH000204: Processing PersistenceUnitInfo [name: default]
3498 [main] INFO  org.hibernate.Version – HHH000412: Hibernate ORM core version 5.6.5.Final
3735 [main] INFO  o.h.annotations.common.Version – HCANN000001: Hibernate Commons Annotations {5.1.2.Final}
3844 [main] INFO  com.zaxxer.hikari.HikariDataSource – HikariPool-1 - Starting...
4063 [main] INFO  com.zaxxer.hikari.pool.HikariPool – HikariPool-1 - Added connection org.postgresql.jdbc.PgConnection@577bfadb
4063 [main] INFO  com.zaxxer.hikari.HikariDataSource – HikariPool-1 - Start completed.
4094 [main] INFO  org.hibernate.dialect.Dialect – HHH000400: Using dialect: org.hibernate.dialect.PostgreSQL10Dialect
4979 [main] INFO  o.h.e.t.j.p.i.JtaPlatformInitiator – HHH000490: Using JtaPlatform implementation: [org.hibernate.engine.transaction.jta.platform.internal.NoJtaPlatform]
4994 [main] INFO  o.s.o.j.LocalContainerEntityManagerFactoryBean – Initialized JPA EntityManagerFactory for persistence unit 'default'
5463 [main] WARN  o.s.b.a.o.j.JpaBaseConfiguration$JpaWebConfiguration – spring.jpa.open-in-view is enabled by default. Therefore, database queries may be performed during view rendering. Explicitly configure spring.jpa.open-in-view to disable this warning
6025 [main] INFO  o.s.b.a.e.web.EndpointLinksResolver – Exposing 1 endpoint(s) beneath base path '/actuator'
6057 [main] INFO  o.a.coyote.http11.Http11NioProtocol – Starting ProtocolHandler ["http-nio-8080"]
6088 [main] INFO  o.s.b.w.e.tomcat.TomcatWebServer – Tomcat started on port(s): 8080 (http) with context path ''
6119 [main] INFO  ru.ksenideni.Task14Application – Started Task14Application in 5.507 seconds (JVM running for 6.988)
6135 [scheduling-1] INFO  ru.ksenideni.order.OrderService – Find all orders
6291 [scheduling-1] INFO  ru.ksenideni.aspect.TimeAspect – getAllOrders completed in 172ms
6364 [RMI TCP Connection(2)-172.30.176.1] INFO  o.a.c.c.C.[Tomcat].[localhost].[/] – Initializing Spring DispatcherServlet 'dispatcherServlet'
6364 [RMI TCP Connection(2)-172.30.176.1] INFO  o.s.web.servlet.DispatcherServlet – Initializing Servlet 'dispatcherServlet'
6364 [RMI TCP Connection(2)-172.30.176.1] INFO  o.s.web.servlet.DispatcherServlet – Completed initialization in 0 ms
16748 [SpringApplicationShutdownHook] INFO  o.s.o.j.LocalContainerEntityManagerFactoryBean – Closing JPA EntityManagerFactory for persistence unit 'default'
16748 [SpringApplicationShutdownHook] INFO  com.zaxxer.hikari.HikariDataSource – HikariPool-1 - Shutdown initiated...
16763 [SpringApplicationShutdownHook] INFO  com.zaxxer.hikari.HikariDataSource – HikariPool-1 - Shutdown completed.
909  [main] INFO  ru.ksenideni.Task14Application – Starting Task14Application using Java 17.0.1 on LAPTOP-6ELOLVGJ with PID 13844 (C:\Users\Acer\Desktop\ideaU\task14\target\classes started by Acer in C:\Users\Acer\Desktop\ideaU\task14)
925  [main] INFO  ru.ksenideni.Task14Application – No active profile set, falling back to 1 default profile: "default"
1727 [main] INFO  o.s.d.r.c.RepositoryConfigurationDelegate – Bootstrapping Spring Data JPA repositories in DEFAULT mode.
1805 [main] INFO  o.s.d.r.c.RepositoryConfigurationDelegate – Finished Spring Data repository scanning in 62 ms. Found 2 JPA repository interfaces.
2834 [main] INFO  o.s.b.w.e.tomcat.TomcatWebServer – Tomcat initialized with port(s): 8080 (http)
2834 [main] INFO  o.a.coyote.http11.Http11NioProtocol – Initializing ProtocolHandler ["http-nio-8080"]
2834 [main] INFO  o.a.catalina.core.StandardService – Starting service [Tomcat]
2834 [main] INFO  o.a.catalina.core.StandardEngine – Starting Servlet engine: [Apache Tomcat/9.0.58]
2959 [main] INFO  o.a.c.c.C.[Tomcat].[localhost].[/] – Initializing Spring embedded WebApplicationContext
2959 [main] INFO  o.s.b.w.s.c.ServletWebServerApplicationContext – Root WebApplicationContext: initialization completed in 1970 ms
3256 [main] INFO  o.h.jpa.internal.util.LogHelper – HHH000204: Processing PersistenceUnitInfo [name: default]
3302 [main] INFO  org.hibernate.Version – HHH000412: Hibernate ORM core version 5.6.5.Final
3443 [main] INFO  o.h.annotations.common.Version – HCANN000001: Hibernate Commons Annotations {5.1.2.Final}
3552 [main] INFO  com.zaxxer.hikari.HikariDataSource – HikariPool-1 - Starting...
3740 [main] INFO  com.zaxxer.hikari.pool.HikariPool – HikariPool-1 - Added connection org.postgresql.jdbc.PgConnection@100d0218
3756 [main] INFO  com.zaxxer.hikari.HikariDataSource – HikariPool-1 - Start completed.
3771 [main] INFO  org.hibernate.dialect.Dialect – HHH000400: Using dialect: org.hibernate.dialect.PostgreSQL10Dialect
4634 [main] INFO  o.h.e.t.j.p.i.JtaPlatformInitiator – HHH000490: Using JtaPlatform implementation: [org.hibernate.engine.transaction.jta.platform.internal.NoJtaPlatform]
4634 [main] INFO  o.s.o.j.LocalContainerEntityManagerFactoryBean – Initialized JPA EntityManagerFactory for persistence unit 'default'
5131 [main] WARN  o.s.b.a.o.j.JpaBaseConfiguration$JpaWebConfiguration – spring.jpa.open-in-view is enabled by default. Therefore, database queries may be performed during view rendering. Explicitly configure spring.jpa.open-in-view to disable this warning
5663 [main] INFO  o.s.b.a.e.web.EndpointLinksResolver – Exposing 1 endpoint(s) beneath base path '/actuator'
5694 [main] INFO  o.a.coyote.http11.Http11NioProtocol – Starting ProtocolHandler ["http-nio-8080"]
5725 [main] INFO  o.s.b.w.e.tomcat.TomcatWebServer – Tomcat started on port(s): 8080 (http) with context path ''
5741 [main] INFO  ru.ksenideni.Task14Application – Started Task14Application in 5.34 seconds (JVM running for 6.534)
5756 [scheduling-1] INFO  ru.ksenideni.order.OrderService – Find all orders
5900 [RMI TCP Connection(3)-172.30.176.1] INFO  o.a.c.c.C.[Tomcat].[localhost].[/] – Initializing Spring DispatcherServlet 'dispatcherServlet'
5900 [RMI TCP Connection(3)-172.30.176.1] INFO  o.s.web.servlet.DispatcherServlet – Initializing Servlet 'dispatcherServlet'
5916 [RMI TCP Connection(3)-172.30.176.1] INFO  o.s.web.servlet.DispatcherServlet – Completed initialization in 16 ms
5927 [scheduling-1] INFO  ru.ksenideni.aspect.TimeAspect – getAllOrders completed in 169ms
6096 [scheduling-1] ERROR o.s.s.s.TaskUtils$LoggingErrorHandler – Unexpected error occurred in scheduled task
java.lang.IllegalArgumentException: object is not an instance of declaring class
	at java.base/jdk.internal.reflect.NativeMethodAccessorImpl.invoke0(Native Method)
	at java.base/jdk.internal.reflect.NativeMethodAccessorImpl.invoke(NativeMethodAccessorImpl.java:77)
	at java.base/jdk.internal.reflect.DelegatingMethodAccessorImpl.invoke(DelegatingMethodAccessorImpl.java:43)
	at java.base/java.lang.reflect.Method.invoke(Method.java:568)
	at com.opencsv.bean.FieldAccess.lambda$determineAccessorMethod$1(FieldAccess.java:65)
	at com.opencsv.bean.FieldAccess.getField(FieldAccess.java:102)
	at com.opencsv.bean.AbstractBeanField.getFieldValue(AbstractBeanField.java:215)
	at com.opencsv.bean.AbstractBeanField.write(AbstractBeanField.java:336)
	at com.opencsv.bean.AbstractMappingStrategy.transmuteBean(AbstractMappingStrategy.java:668)
	at com.opencsv.bean.concurrent.ProcessCsvBean.run(ProcessCsvBean.java:78)
	at java.base/java.util.concurrent.ThreadPoolExecutor.runWorker(ThreadPoolExecutor.java:1136)
	at java.base/java.util.concurrent.ThreadPoolExecutor$Worker.run(ThreadPoolExecutor.java:635)
	at java.base/java.lang.Thread.run(Thread.java:833)
142550 [SpringApplicationShutdownHook] INFO  o.s.o.j.LocalContainerEntityManagerFactoryBean – Closing JPA EntityManagerFactory for persistence unit 'default'
142550 [SpringApplicationShutdownHook] INFO  com.zaxxer.hikari.HikariDataSource – HikariPool-1 - Shutdown initiated...
142550 [SpringApplicationShutdownHook] INFO  com.zaxxer.hikari.HikariDataSource – HikariPool-1 - Shutdown completed.
896  [main] INFO  ru.ksenideni.Task14Application – Starting Task14Application using Java 17.0.1 on LAPTOP-6ELOLVGJ with PID 14996 (C:\Users\Acer\Desktop\ideaU\task14\target\classes started by Acer in C:\Users\Acer\Desktop\ideaU\task14)
896  [main] INFO  ru.ksenideni.Task14Application – No active profile set, falling back to 1 default profile: "default"
1590 [main] INFO  o.s.d.r.c.RepositoryConfigurationDelegate – Bootstrapping Spring Data JPA repositories in DEFAULT mode.
1652 [main] INFO  o.s.d.r.c.RepositoryConfigurationDelegate – Finished Spring Data repository scanning in 46 ms. Found 2 JPA repository interfaces.
2574 [main] INFO  o.s.b.w.e.tomcat.TomcatWebServer – Tomcat initialized with port(s): 8080 (http)
2574 [main] INFO  o.a.coyote.http11.Http11NioProtocol – Initializing ProtocolHandler ["http-nio-8080"]
2574 [main] INFO  o.a.catalina.core.StandardService – Starting service [Tomcat]
2574 [main] INFO  o.a.catalina.core.StandardEngine – Starting Servlet engine: [Apache Tomcat/9.0.58]
2699 [main] INFO  o.a.c.c.C.[Tomcat].[localhost].[/] – Initializing Spring embedded WebApplicationContext
2699 [main] INFO  o.s.b.w.s.c.ServletWebServerApplicationContext – Root WebApplicationContext: initialization completed in 1734 ms
2996 [main] INFO  o.h.jpa.internal.util.LogHelper – HHH000204: Processing PersistenceUnitInfo [name: default]
3043 [main] INFO  org.hibernate.Version – HHH000412: Hibernate ORM core version 5.6.5.Final
3198 [main] INFO  o.h.annotations.common.Version – HCANN000001: Hibernate Commons Annotations {5.1.2.Final}
3292 [main] INFO  com.zaxxer.hikari.HikariDataSource – HikariPool-1 - Starting...
3483 [main] INFO  com.zaxxer.hikari.pool.HikariPool – HikariPool-1 - Added connection org.postgresql.jdbc.PgConnection@68fc9167
3483 [main] INFO  com.zaxxer.hikari.HikariDataSource – HikariPool-1 - Start completed.
3514 [main] INFO  org.hibernate.dialect.Dialect – HHH000400: Using dialect: org.hibernate.dialect.PostgreSQL10Dialect
4258 [main] INFO  o.h.e.t.j.p.i.JtaPlatformInitiator – HHH000490: Using JtaPlatform implementation: [org.hibernate.engine.transaction.jta.platform.internal.NoJtaPlatform]
4258 [main] INFO  o.s.o.j.LocalContainerEntityManagerFactoryBean – Initialized JPA EntityManagerFactory for persistence unit 'default'
4726 [main] WARN  o.s.b.a.o.j.JpaBaseConfiguration$JpaWebConfiguration – spring.jpa.open-in-view is enabled by default. Therefore, database queries may be performed during view rendering. Explicitly configure spring.jpa.open-in-view to disable this warning
5261 [main] INFO  o.s.b.a.e.web.EndpointLinksResolver – Exposing 1 endpoint(s) beneath base path '/actuator'
5308 [main] INFO  o.a.coyote.http11.Http11NioProtocol – Starting ProtocolHandler ["http-nio-8080"]
5339 [main] INFO  o.s.b.w.e.tomcat.TomcatWebServer – Tomcat started on port(s): 8080 (http) with context path ''
5355 [main] INFO  ru.ksenideni.Task14Application – Started Task14Application in 4.97 seconds (JVM running for 6.074)
5370 [scheduling-1] INFO  ru.ksenideni.order.OrderService – Find all orders
5495 [scheduling-1] INFO  ru.ksenideni.aspect.TimeAspect – getAllOrders completed in 125ms
5910 [RMI TCP Connection(1)-172.30.176.1] INFO  o.a.c.c.C.[Tomcat].[localhost].[/] – Initializing Spring DispatcherServlet 'dispatcherServlet'
5910 [RMI TCP Connection(1)-172.30.176.1] INFO  o.s.web.servlet.DispatcherServlet – Initializing Servlet 'dispatcherServlet'
5910 [RMI TCP Connection(1)-172.30.176.1] INFO  o.s.web.servlet.DispatcherServlet – Completed initialization in 0 ms
33918 [SpringApplicationShutdownHook] INFO  o.s.o.j.LocalContainerEntityManagerFactoryBean – Closing JPA EntityManagerFactory for persistence unit 'default'
33918 [SpringApplicationShutdownHook] INFO  com.zaxxer.hikari.HikariDataSource – HikariPool-1 - Shutdown initiated...
33918 [SpringApplicationShutdownHook] INFO  com.zaxxer.hikari.HikariDataSource – HikariPool-1 - Shutdown completed.
968  [main] INFO  ru.ksenideni.Task14Application – Starting Task14Application using Java 17.0.1 on LAPTOP-6ELOLVGJ with PID 5092 (C:\Users\Acer\Desktop\ideaU\task14\target\classes started by Acer in C:\Users\Acer\Desktop\ideaU\task14)
968  [main] INFO  ru.ksenideni.Task14Application – No active profile set, falling back to 1 default profile: "default"
1711 [main] INFO  o.s.d.r.c.RepositoryConfigurationDelegate – Bootstrapping Spring Data JPA repositories in DEFAULT mode.
1773 [main] INFO  o.s.d.r.c.RepositoryConfigurationDelegate – Finished Spring Data repository scanning in 48 ms. Found 2 JPA repository interfaces.
2726 [main] INFO  o.s.b.w.e.tomcat.TomcatWebServer – Tomcat initialized with port(s): 8080 (http)
2726 [main] INFO  o.a.coyote.http11.Http11NioProtocol – Initializing ProtocolHandler ["http-nio-8080"]
2726 [main] INFO  o.a.catalina.core.StandardService – Starting service [Tomcat]
2726 [main] INFO  o.a.catalina.core.StandardEngine – Starting Servlet engine: [Apache Tomcat/9.0.58]
2851 [main] INFO  o.a.c.c.C.[Tomcat].[localhost].[/] – Initializing Spring embedded WebApplicationContext
2851 [main] INFO  o.s.b.w.s.c.ServletWebServerApplicationContext – Root WebApplicationContext: initialization completed in 1803 ms
3164 [main] INFO  o.h.jpa.internal.util.LogHelper – HHH000204: Processing PersistenceUnitInfo [name: default]
3211 [main] INFO  org.hibernate.Version – HHH000412: Hibernate ORM core version 5.6.5.Final
3349 [main] INFO  o.h.annotations.common.Version – HCANN000001: Hibernate Commons Annotations {5.1.2.Final}
3442 [main] INFO  com.zaxxer.hikari.HikariDataSource – HikariPool-1 - Starting...
3630 [main] INFO  com.zaxxer.hikari.pool.HikariPool – HikariPool-1 - Added connection org.postgresql.jdbc.PgConnection@9729a97
3630 [main] INFO  com.zaxxer.hikari.HikariDataSource – HikariPool-1 - Start completed.
3661 [main] INFO  org.hibernate.dialect.Dialect – HHH000400: Using dialect: org.hibernate.dialect.PostgreSQL10Dialect
4410 [main] INFO  o.h.e.t.j.p.i.JtaPlatformInitiator – HHH000490: Using JtaPlatform implementation: [org.hibernate.engine.transaction.jta.platform.internal.NoJtaPlatform]
4426 [main] INFO  o.s.o.j.LocalContainerEntityManagerFactoryBean – Initialized JPA EntityManagerFactory for persistence unit 'default'
4921 [main] WARN  o.s.b.a.o.j.JpaBaseConfiguration$JpaWebConfiguration – spring.jpa.open-in-view is enabled by default. Therefore, database queries may be performed during view rendering. Explicitly configure spring.jpa.open-in-view to disable this warning
5563 [main] INFO  o.s.b.a.e.web.EndpointLinksResolver – Exposing 1 endpoint(s) beneath base path '/actuator'
5610 [main] INFO  o.a.coyote.http11.Http11NioProtocol – Starting ProtocolHandler ["http-nio-8080"]
5626 [main] INFO  o.s.b.w.e.tomcat.TomcatWebServer – Tomcat started on port(s): 8080 (http) with context path ''
5657 [main] INFO  ru.ksenideni.Task14Application – Started Task14Application in 5.216 seconds (JVM running for 6.432)
5673 [scheduling-1] INFO  ru.ksenideni.order.OrderService – Find all orders
5798 [scheduling-1] INFO  ru.ksenideni.aspect.TimeAspect – getAllOrders completed in 125ms
5927 [RMI TCP Connection(4)-172.30.176.1] INFO  o.a.c.c.C.[Tomcat].[localhost].[/] – Initializing Spring DispatcherServlet 'dispatcherServlet'
5927 [RMI TCP Connection(4)-172.30.176.1] INFO  o.s.web.servlet.DispatcherServlet – Initializing Servlet 'dispatcherServlet'
5927 [RMI TCP Connection(4)-172.30.176.1] INFO  o.s.web.servlet.DispatcherServlet – Completed initialization in 0 ms
30304 [http-nio-8080-exec-2] INFO  ru.ksenideni.order.OrderService – Find all orders
30307 [http-nio-8080-exec-2] INFO  ru.ksenideni.aspect.TimeAspect – getAllOrders completed in 3ms
46694 [SpringApplicationShutdownHook] INFO  o.s.o.j.LocalContainerEntityManagerFactoryBean – Closing JPA EntityManagerFactory for persistence unit 'default'
46694 [SpringApplicationShutdownHook] INFO  com.zaxxer.hikari.HikariDataSource – HikariPool-1 - Shutdown initiated...
46710 [SpringApplicationShutdownHook] INFO  com.zaxxer.hikari.HikariDataSource – HikariPool-1 - Shutdown completed.
967  [main] INFO  ru.ksenideni.Task14Application – Starting Task14Application using Java 17.0.1 on LAPTOP-6ELOLVGJ with PID 11328 (C:\Users\Acer\Desktop\ideaU\task14\target\classes started by Acer in C:\Users\Acer\Desktop\ideaU\task14)
980  [main] INFO  ru.ksenideni.Task14Application – No active profile set, falling back to 1 default profile: "default"
1670 [main] INFO  o.s.d.r.c.RepositoryConfigurationDelegate – Bootstrapping Spring Data JPA repositories in DEFAULT mode.
1732 [main] INFO  o.s.d.r.c.RepositoryConfigurationDelegate – Finished Spring Data repository scanning in 52 ms. Found 2 JPA repository interfaces.
2670 [main] INFO  o.s.b.w.e.tomcat.TomcatWebServer – Tomcat initialized with port(s): 8080 (http)
2670 [main] INFO  o.a.coyote.http11.Http11NioProtocol – Initializing ProtocolHandler ["http-nio-8080"]
2670 [main] INFO  o.a.catalina.core.StandardService – Starting service [Tomcat]
2670 [main] INFO  o.a.catalina.core.StandardEngine – Starting Servlet engine: [Apache Tomcat/9.0.58]
2779 [main] INFO  o.a.c.c.C.[Tomcat].[localhost].[/] – Initializing Spring embedded WebApplicationContext
2779 [main] INFO  o.s.b.w.s.c.ServletWebServerApplicationContext – Root WebApplicationContext: initialization completed in 1750 ms
3076 [main] INFO  o.h.jpa.internal.util.LogHelper – HHH000204: Processing PersistenceUnitInfo [name: default]
3107 [main] INFO  org.hibernate.Version – HHH000412: Hibernate ORM core version 5.6.5.Final
3234 [main] INFO  o.h.annotations.common.Version – HCANN000001: Hibernate Commons Annotations {5.1.2.Final}
3343 [main] INFO  com.zaxxer.hikari.HikariDataSource – HikariPool-1 - Starting...
3515 [main] INFO  com.zaxxer.hikari.pool.HikariPool – HikariPool-1 - Added connection org.postgresql.jdbc.PgConnection@305552d6
3515 [main] INFO  com.zaxxer.hikari.HikariDataSource – HikariPool-1 - Start completed.
3546 [main] INFO  org.hibernate.dialect.Dialect – HHH000400: Using dialect: org.hibernate.dialect.PostgreSQL10Dialect
4509 [main] INFO  o.h.e.t.j.p.i.JtaPlatformInitiator – HHH000490: Using JtaPlatform implementation: [org.hibernate.engine.transaction.jta.platform.internal.NoJtaPlatform]
4525 [main] INFO  o.s.o.j.LocalContainerEntityManagerFactoryBean – Initialized JPA EntityManagerFactory for persistence unit 'default'
5027 [main] WARN  o.s.b.a.o.j.JpaBaseConfiguration$JpaWebConfiguration – spring.jpa.open-in-view is enabled by default. Therefore, database queries may be performed during view rendering. Explicitly configure spring.jpa.open-in-view to disable this warning
5590 [main] INFO  o.s.b.a.e.web.EndpointLinksResolver – Exposing 1 endpoint(s) beneath base path '/actuator'
5621 [main] INFO  o.a.coyote.http11.Http11NioProtocol – Starting ProtocolHandler ["http-nio-8080"]
5652 [main] INFO  o.s.b.w.e.tomcat.TomcatWebServer – Tomcat started on port(s): 8080 (http) with context path ''
5675 [main] INFO  ru.ksenideni.Task14Application – Started Task14Application in 5.198 seconds (JVM running for 6.418)
5691 [scheduling-1] INFO  ru.ksenideni.order.OrderService – Find all orders
5800 [scheduling-1] INFO  ru.ksenideni.aspect.TimeAspect – getAllOrders completed in 125ms
5985 [RMI TCP Connection(5)-172.30.176.1] INFO  o.a.c.c.C.[Tomcat].[localhost].[/] – Initializing Spring DispatcherServlet 'dispatcherServlet'
5985 [RMI TCP Connection(5)-172.30.176.1] INFO  o.s.web.servlet.DispatcherServlet – Initializing Servlet 'dispatcherServlet'
5985 [RMI TCP Connection(5)-172.30.176.1] INFO  o.s.web.servlet.DispatcherServlet – Completed initialization in 0 ms
14578 [http-nio-8080-exec-2] INFO  ru.ksenideni.order.OrderService – Find all orders
14581 [http-nio-8080-exec-2] INFO  ru.ksenideni.aspect.TimeAspect – getAllOrders completed in 3ms
45144 [SpringApplicationShutdownHook] INFO  o.s.o.j.LocalContainerEntityManagerFactoryBean – Closing JPA EntityManagerFactory for persistence unit 'default'
45144 [SpringApplicationShutdownHook] INFO  com.zaxxer.hikari.HikariDataSource – HikariPool-1 - Shutdown initiated...
45160 [SpringApplicationShutdownHook] INFO  com.zaxxer.hikari.HikariDataSource – HikariPool-1 - Shutdown completed.
1065 [main] INFO  ru.ksenideni.Task14Application – Starting Task14Application using Java 17.0.1 on LAPTOP-6ELOLVGJ with PID 11596 (C:\Users\Acer\Desktop\ideaU\task14\target\classes started by Acer in C:\Users\Acer\Desktop\ideaU\task14)
1070 [main] INFO  ru.ksenideni.Task14Application – No active profile set, falling back to 1 default profile: "default"
1907 [main] INFO  o.s.d.r.c.RepositoryConfigurationDelegate – Bootstrapping Spring Data JPA repositories in DEFAULT mode.
1967 [main] INFO  o.s.d.r.c.RepositoryConfigurationDelegate – Finished Spring Data repository scanning in 48 ms. Found 2 JPA repository interfaces.
3057 [main] INFO  o.s.b.w.e.tomcat.TomcatWebServer – Tomcat initialized with port(s): 8080 (http)
3069 [main] INFO  o.a.coyote.http11.Http11NioProtocol – Initializing ProtocolHandler ["http-nio-8080"]
3070 [main] INFO  o.a.catalina.core.StandardService – Starting service [Tomcat]
3070 [main] INFO  o.a.catalina.core.StandardEngine – Starting Servlet engine: [Apache Tomcat/9.0.58]
3206 [main] INFO  o.a.c.c.C.[Tomcat].[localhost].[/] – Initializing Spring embedded WebApplicationContext
3207 [main] INFO  o.s.b.w.s.c.ServletWebServerApplicationContext – Root WebApplicationContext: initialization completed in 2068 ms
3541 [main] INFO  o.h.jpa.internal.util.LogHelper – HHH000204: Processing PersistenceUnitInfo [name: default]
3592 [main] INFO  org.hibernate.Version – HHH000412: Hibernate ORM core version 5.6.5.Final
3737 [main] INFO  o.h.annotations.common.Version – HCANN000001: Hibernate Commons Annotations {5.1.2.Final}
3851 [main] INFO  com.zaxxer.hikari.HikariDataSource – HikariPool-1 - Starting...
4049 [main] INFO  com.zaxxer.hikari.pool.HikariPool – HikariPool-1 - Added connection org.postgresql.jdbc.PgConnection@23b71d24
4051 [main] INFO  com.zaxxer.hikari.HikariDataSource – HikariPool-1 - Start completed.
4080 [main] INFO  org.hibernate.dialect.Dialect – HHH000400: Using dialect: org.hibernate.dialect.PostgreSQL10Dialect
4987 [main] INFO  o.h.e.t.j.p.i.JtaPlatformInitiator – HHH000490: Using JtaPlatform implementation: [org.hibernate.engine.transaction.jta.platform.internal.NoJtaPlatform]
4995 [main] INFO  o.s.o.j.LocalContainerEntityManagerFactoryBean – Initialized JPA EntityManagerFactory for persistence unit 'default'
5559 [main] WARN  o.s.b.a.o.j.JpaBaseConfiguration$JpaWebConfiguration – spring.jpa.open-in-view is enabled by default. Therefore, database queries may be performed during view rendering. Explicitly configure spring.jpa.open-in-view to disable this warning
6211 [main] INFO  o.s.b.a.e.web.EndpointLinksResolver – Exposing 1 endpoint(s) beneath base path '/actuator'
6249 [main] INFO  o.a.coyote.http11.Http11NioProtocol – Starting ProtocolHandler ["http-nio-8080"]
6281 [main] INFO  o.s.b.w.e.tomcat.TomcatWebServer – Tomcat started on port(s): 8080 (http) with context path ''
6305 [main] INFO  ru.ksenideni.Task14Application – Started Task14Application in 5.793 seconds (JVM running for 7.179)
6327 [scheduling-1] INFO  ru.ksenideni.order.OrderService – Find all orders
6474 [scheduling-1] INFO  ru.ksenideni.aspect.TimeAspect – getAllOrders completed in 161ms
6943 [RMI TCP Connection(3)-172.30.176.1] INFO  o.a.c.c.C.[Tomcat].[localhost].[/] – Initializing Spring DispatcherServlet 'dispatcherServlet'
6943 [RMI TCP Connection(3)-172.30.176.1] INFO  o.s.web.servlet.DispatcherServlet – Initializing Servlet 'dispatcherServlet'
6946 [RMI TCP Connection(3)-172.30.176.1] INFO  o.s.web.servlet.DispatcherServlet – Completed initialization in 2 ms
14395 [http-nio-8080-exec-2] INFO  ru.ksenideni.order.OrderService – Find all orders
14399 [http-nio-8080-exec-2] INFO  ru.ksenideni.aspect.TimeAspect – getAllOrders completed in 4ms
41775 [SpringApplicationShutdownHook] INFO  o.s.o.j.LocalContainerEntityManagerFactoryBean – Closing JPA EntityManagerFactory for persistence unit 'default'
41777 [SpringApplicationShutdownHook] INFO  com.zaxxer.hikari.HikariDataSource – HikariPool-1 - Shutdown initiated...
41785 [SpringApplicationShutdownHook] INFO  com.zaxxer.hikari.HikariDataSource – HikariPool-1 - Shutdown completed.
1421 [main] INFO  ru.ksenideni.Task14Application – Starting Task14Application using Java 17.0.1 on LAPTOP-6ELOLVGJ with PID 6104 (C:\Users\Acer\Desktop\ideaU\task14\target\classes started by Acer in C:\Users\Acer\Desktop\ideaU\task14)
1425 [main] INFO  ru.ksenideni.Task14Application – No active profile set, falling back to 1 default profile: "default"
2167 [main] INFO  o.s.d.r.c.RepositoryConfigurationDelegate – Bootstrapping Spring Data JPA repositories in DEFAULT mode.
2227 [main] INFO  o.s.d.r.c.RepositoryConfigurationDelegate – Finished Spring Data repository scanning in 49 ms. Found 2 JPA repository interfaces.
3227 [main] INFO  o.s.b.w.e.tomcat.TomcatWebServer – Tomcat initialized with port(s): 8080 (http)
3235 [main] INFO  o.a.coyote.http11.Http11NioProtocol – Initializing ProtocolHandler ["http-nio-8080"]
3236 [main] INFO  o.a.catalina.core.StandardService – Starting service [Tomcat]
3236 [main] INFO  o.a.catalina.core.StandardEngine – Starting Servlet engine: [Apache Tomcat/9.0.58]
3356 [main] INFO  o.a.c.c.C.[Tomcat].[localhost].[/] – Initializing Spring embedded WebApplicationContext
3356 [main] INFO  o.s.b.w.s.c.ServletWebServerApplicationContext – Root WebApplicationContext: initialization completed in 1867 ms
3739 [main] INFO  o.h.jpa.internal.util.LogHelper – HHH000204: Processing PersistenceUnitInfo [name: default]
3787 [main] INFO  org.hibernate.Version – HHH000412: Hibernate ORM core version 5.6.5.Final
3965 [main] INFO  o.h.annotations.common.Version – HCANN000001: Hibernate Commons Annotations {5.1.2.Final}
4082 [main] INFO  com.zaxxer.hikari.HikariDataSource – HikariPool-1 - Starting...
4308 [main] INFO  com.zaxxer.hikari.pool.HikariPool – HikariPool-1 - Added connection org.postgresql.jdbc.PgConnection@36463b09
4311 [main] INFO  com.zaxxer.hikari.HikariDataSource – HikariPool-1 - Start completed.
4333 [main] INFO  org.hibernate.dialect.Dialect – HHH000400: Using dialect: org.hibernate.dialect.PostgreSQL10Dialect
5365 [main] INFO  o.h.e.t.j.p.i.JtaPlatformInitiator – HHH000490: Using JtaPlatform implementation: [org.hibernate.engine.transaction.jta.platform.internal.NoJtaPlatform]
5376 [main] INFO  o.s.o.j.LocalContainerEntityManagerFactoryBean – Initialized JPA EntityManagerFactory for persistence unit 'default'
5904 [main] WARN  o.s.b.a.o.j.JpaBaseConfiguration$JpaWebConfiguration – spring.jpa.open-in-view is enabled by default. Therefore, database queries may be performed during view rendering. Explicitly configure spring.jpa.open-in-view to disable this warning
6544 [main] INFO  o.s.b.a.e.web.EndpointLinksResolver – Exposing 1 endpoint(s) beneath base path '/actuator'
6583 [main] INFO  o.a.coyote.http11.Http11NioProtocol – Starting ProtocolHandler ["http-nio-8080"]
6613 [main] INFO  o.s.b.w.e.tomcat.TomcatWebServer – Tomcat started on port(s): 8080 (http) with context path ''
6636 [main] INFO  ru.ksenideni.Task14Application – Started Task14Application in 5.869 seconds (JVM running for 7.627)
6984 [RMI TCP Connection(2)-172.30.176.1] INFO  o.a.c.c.C.[Tomcat].[localhost].[/] – Initializing Spring DispatcherServlet 'dispatcherServlet'
6985 [RMI TCP Connection(2)-172.30.176.1] INFO  o.s.web.servlet.DispatcherServlet – Initializing Servlet 'dispatcherServlet'
6987 [RMI TCP Connection(2)-172.30.176.1] INFO  o.s.web.servlet.DispatcherServlet – Completed initialization in 2 ms
12499 [http-nio-8080-exec-2] INFO  ru.ksenideni.order.OrderService – Find all orders
12632 [http-nio-8080-exec-2] INFO  ru.ksenideni.aspect.TimeAspect – getAllOrders completed in 144ms
73626 [SpringApplicationShutdownHook] INFO  o.s.o.j.LocalContainerEntityManagerFactoryBean – Closing JPA EntityManagerFactory for persistence unit 'default'
73626 [SpringApplicationShutdownHook] INFO  com.zaxxer.hikari.HikariDataSource – HikariPool-1 - Shutdown initiated...
73642 [SpringApplicationShutdownHook] INFO  com.zaxxer.hikari.HikariDataSource – HikariPool-1 - Shutdown completed.
1199 [main] INFO  ru.ksenideni.Task14Application – Starting Task14Application using Java 17.0.1 on LAPTOP-6ELOLVGJ with PID 10600 (C:\Users\Acer\Desktop\ideaU\task14\target\classes started by Acer in C:\Users\Acer\Desktop\ideaU\task14)
1199 [main] INFO  ru.ksenideni.Task14Application – No active profile set, falling back to 1 default profile: "default"
2249 [main] INFO  o.s.d.r.c.RepositoryConfigurationDelegate – Bootstrapping Spring Data JPA repositories in DEFAULT mode.
2312 [main] INFO  o.s.d.r.c.RepositoryConfigurationDelegate – Finished Spring Data repository scanning in 53 ms. Found 2 JPA repository interfaces.
3233 [main] INFO  o.s.b.w.e.tomcat.TomcatWebServer – Tomcat initialized with port(s): 8080 (http)
3233 [main] INFO  o.a.coyote.http11.Http11NioProtocol – Initializing ProtocolHandler ["http-nio-8080"]
3233 [main] INFO  o.a.catalina.core.StandardService – Starting service [Tomcat]
3233 [main] INFO  o.a.catalina.core.StandardEngine – Starting Servlet engine: [Apache Tomcat/9.0.58]
3358 [main] INFO  o.a.c.c.C.[Tomcat].[localhost].[/] – Initializing Spring embedded WebApplicationContext
3358 [main] INFO  o.s.b.w.s.c.ServletWebServerApplicationContext – Root WebApplicationContext: initialization completed in 2054 ms
3655 [main] INFO  o.h.jpa.internal.util.LogHelper – HHH000204: Processing PersistenceUnitInfo [name: default]
3702 [main] INFO  org.hibernate.Version – HHH000412: Hibernate ORM core version 5.6.5.Final
3831 [main] INFO  o.h.annotations.common.Version – HCANN000001: Hibernate Commons Annotations {5.1.2.Final}
3924 [main] INFO  com.zaxxer.hikari.HikariDataSource – HikariPool-1 - Starting...
4112 [main] INFO  com.zaxxer.hikari.pool.HikariPool – HikariPool-1 - Added connection org.postgresql.jdbc.PgConnection@4adf3582
4127 [main] INFO  com.zaxxer.hikari.HikariDataSource – HikariPool-1 - Start completed.
4143 [main] INFO  org.hibernate.dialect.Dialect – HHH000400: Using dialect: org.hibernate.dialect.PostgreSQL10Dialect
4905 [main] INFO  o.h.e.t.j.p.i.JtaPlatformInitiator – HHH000490: Using JtaPlatform implementation: [org.hibernate.engine.transaction.jta.platform.internal.NoJtaPlatform]
4905 [main] INFO  o.s.o.j.LocalContainerEntityManagerFactoryBean – Initialized JPA EntityManagerFactory for persistence unit 'default'
5413 [main] WARN  o.s.b.a.o.j.JpaBaseConfiguration$JpaWebConfiguration – spring.jpa.open-in-view is enabled by default. Therefore, database queries may be performed during view rendering. Explicitly configure spring.jpa.open-in-view to disable this warning
5976 [main] INFO  o.s.b.a.e.web.EndpointLinksResolver – Exposing 1 endpoint(s) beneath base path '/actuator'
6007 [main] INFO  o.a.coyote.http11.Http11NioProtocol – Starting ProtocolHandler ["http-nio-8080"]
6038 [main] INFO  o.s.b.w.e.tomcat.TomcatWebServer – Tomcat started on port(s): 8080 (http) with context path ''
6054 [main] INFO  ru.ksenideni.Task14Application – Started Task14Application in 5.542 seconds (JVM running for 6.8)
6070 [scheduling-1] INFO  ru.ksenideni.order.OrderService – Find all orders
6179 [scheduling-1] INFO  ru.ksenideni.aspect.TimeAspect – getAllOrders completed in 125ms
6504 [RMI TCP Connection(3)-172.30.176.1] INFO  o.a.c.c.C.[Tomcat].[localhost].[/] – Initializing Spring DispatcherServlet 'dispatcherServlet'
6504 [RMI TCP Connection(3)-172.30.176.1] INFO  o.s.web.servlet.DispatcherServlet – Initializing Servlet 'dispatcherServlet'
6504 [RMI TCP Connection(3)-172.30.176.1] INFO  o.s.web.servlet.DispatcherServlet – Completed initialization in 0 ms
12507 [http-nio-8080-exec-2] INFO  ru.ksenideni.order.OrderService – Find all orders
12512 [http-nio-8080-exec-2] INFO  ru.ksenideni.aspect.TimeAspect – getAllOrders completed in 5ms
32234 [SpringApplicationShutdownHook] INFO  o.s.o.j.LocalContainerEntityManagerFactoryBean – Closing JPA EntityManagerFactory for persistence unit 'default'
32234 [SpringApplicationShutdownHook] INFO  com.zaxxer.hikari.HikariDataSource – HikariPool-1 - Shutdown initiated...
32234 [SpringApplicationShutdownHook] INFO  com.zaxxer.hikari.HikariDataSource – HikariPool-1 - Shutdown completed.
1132 [main] INFO  ru.ksenideni.Task14Application – Starting Task14Application using Java 17.0.1 on LAPTOP-6ELOLVGJ with PID 2936 (C:\Users\Acer\Desktop\ideaU\task14\target\classes started by Acer in C:\Users\Acer\Desktop\ideaU\task14)
1141 [main] INFO  ru.ksenideni.Task14Application – No active profile set, falling back to 1 default profile: "default"
1950 [main] INFO  o.s.d.r.c.RepositoryConfigurationDelegate – Bootstrapping Spring Data JPA repositories in DEFAULT mode.
2012 [main] INFO  o.s.d.r.c.RepositoryConfigurationDelegate – Finished Spring Data repository scanning in 59 ms. Found 2 JPA repository interfaces.
2997 [main] INFO  o.s.b.w.e.tomcat.TomcatWebServer – Tomcat initialized with port(s): 8080 (http)
3028 [main] INFO  o.a.coyote.http11.Http11NioProtocol – Initializing ProtocolHandler ["http-nio-8080"]
3028 [main] INFO  o.a.catalina.core.StandardService – Starting service [Tomcat]
3028 [main] INFO  o.a.catalina.core.StandardEngine – Starting Servlet engine: [Apache Tomcat/9.0.58]
3137 [main] INFO  o.a.c.c.C.[Tomcat].[localhost].[/] – Initializing Spring embedded WebApplicationContext
3137 [main] INFO  o.s.b.w.s.c.ServletWebServerApplicationContext – Root WebApplicationContext: initialization completed in 1933 ms
3497 [main] INFO  o.h.jpa.internal.util.LogHelper – HHH000204: Processing PersistenceUnitInfo [name: default]
3544 [main] INFO  org.hibernate.Version – HHH000412: Hibernate ORM core version 5.6.5.Final
3653 [main] INFO  o.h.annotations.common.Version – HCANN000001: Hibernate Commons Annotations {5.1.2.Final}
3762 [main] INFO  com.zaxxer.hikari.HikariDataSource – HikariPool-1 - Starting...
3950 [main] INFO  com.zaxxer.hikari.pool.HikariPool – HikariPool-1 - Added connection org.postgresql.jdbc.PgConnection@25ae1f80
3950 [main] INFO  com.zaxxer.hikari.HikariDataSource – HikariPool-1 - Start completed.
3965 [main] INFO  org.hibernate.dialect.Dialect – HHH000400: Using dialect: org.hibernate.dialect.PostgreSQL10Dialect
4919 [main] INFO  o.h.e.t.j.p.i.JtaPlatformInitiator – HHH000490: Using JtaPlatform implementation: [org.hibernate.engine.transaction.jta.platform.internal.NoJtaPlatform]
4934 [main] INFO  o.s.o.j.LocalContainerEntityManagerFactoryBean – Initialized JPA EntityManagerFactory for persistence unit 'default'
5403 [main] WARN  o.s.b.a.o.j.JpaBaseConfiguration$JpaWebConfiguration – spring.jpa.open-in-view is enabled by default. Therefore, database queries may be performed during view rendering. Explicitly configure spring.jpa.open-in-view to disable this warning
6043 [main] INFO  o.s.b.a.e.web.EndpointLinksResolver – Exposing 1 endpoint(s) beneath base path '/actuator'
6090 [main] INFO  o.a.coyote.http11.Http11NioProtocol – Starting ProtocolHandler ["http-nio-8080"]
6121 [main] INFO  o.s.b.w.e.tomcat.TomcatWebServer – Tomcat started on port(s): 8080 (http) with context path ''
6152 [main] INFO  ru.ksenideni.Task14Application – Started Task14Application in 5.725 seconds (JVM running for 6.85)
6168 [scheduling-1] INFO  ru.ksenideni.order.OrderService – Find all orders
6340 [scheduling-1] INFO  ru.ksenideni.aspect.TimeAspect – getAllOrders completed in 172ms
6355 [scheduling-1] ERROR o.s.s.s.TaskUtils$LoggingErrorHandler – Unexpected error occurred in scheduled task
java.io.FileNotFoundException: src\main\resources\cash\Orders_02-04-2022_15:15:20.csv (Синтаксическая ошибка в имени файла, имени папки или метке тома)
	at java.base/java.io.FileOutputStream.open0(Native Method)
	at java.base/java.io.FileOutputStream.open(FileOutputStream.java:293)
	at java.base/java.io.FileOutputStream.<init>(FileOutputStream.java:235)
	at java.base/java.io.FileOutputStream.<init>(FileOutputStream.java:123)
	at java.base/java.io.FileWriter.<init>(FileWriter.java:66)
	at ru.ksenideni.ScheduleCashService.exportToCSV(ScheduleCashService.java:45)
	at java.base/jdk.internal.reflect.NativeMethodAccessorImpl.invoke0(Native Method)
	at java.base/jdk.internal.reflect.NativeMethodAccessorImpl.invoke(NativeMethodAccessorImpl.java:77)
	at java.base/jdk.internal.reflect.DelegatingMethodAccessorImpl.invoke(DelegatingMethodAccessorImpl.java:43)
	at java.base/java.lang.reflect.Method.invoke(Method.java:568)
	at org.springframework.scheduling.support.ScheduledMethodRunnable.run(ScheduledMethodRunnable.java:84)
	at org.springframework.scheduling.support.DelegatingErrorHandlingRunnable.run(DelegatingErrorHandlingRunnable.java:54)
	at java.base/java.util.concurrent.Executors$RunnableAdapter.call(Executors.java:539)
	at java.base/java.util.concurrent.FutureTask.runAndReset(FutureTask.java:305)
	at java.base/java.util.concurrent.ScheduledThreadPoolExecutor$ScheduledFutureTask.run(ScheduledThreadPoolExecutor.java:305)
	at java.base/java.util.concurrent.ThreadPoolExecutor.runWorker(ThreadPoolExecutor.java:1136)
	at java.base/java.util.concurrent.ThreadPoolExecutor$Worker.run(ThreadPoolExecutor.java:635)
	at java.base/java.lang.Thread.run(Thread.java:833)
6663 [RMI TCP Connection(2)-172.30.176.1] INFO  o.a.c.c.C.[Tomcat].[localhost].[/] – Initializing Spring DispatcherServlet 'dispatcherServlet'
6663 [RMI TCP Connection(2)-172.30.176.1] INFO  o.s.web.servlet.DispatcherServlet – Initializing Servlet 'dispatcherServlet'
6663 [RMI TCP Connection(2)-172.30.176.1] INFO  o.s.web.servlet.DispatcherServlet – Completed initialization in 0 ms
13247 [http-nio-8080-exec-1] INFO  ru.ksenideni.order.OrderService – Find all orders
13250 [http-nio-8080-exec-1] INFO  ru.ksenideni.aspect.TimeAspect – getAllOrders completed in 3ms
39650 [SpringApplicationShutdownHook] INFO  o.s.o.j.LocalContainerEntityManagerFactoryBean – Closing JPA EntityManagerFactory for persistence unit 'default'
39650 [SpringApplicationShutdownHook] INFO  com.zaxxer.hikari.HikariDataSource – HikariPool-1 - Shutdown initiated...
39666 [SpringApplicationShutdownHook] INFO  com.zaxxer.hikari.HikariDataSource – HikariPool-1 - Shutdown completed.
967  [main] INFO  ru.ksenideni.Task14Application – Starting Task14Application using Java 17.0.1 on LAPTOP-6ELOLVGJ with PID 11420 (C:\Users\Acer\Desktop\ideaU\task14\target\classes started by Acer in C:\Users\Acer\Desktop\ideaU\task14)
980  [main] INFO  ru.ksenideni.Task14Application – No active profile set, falling back to 1 default profile: "default"
1755 [main] INFO  o.s.d.r.c.RepositoryConfigurationDelegate – Bootstrapping Spring Data JPA repositories in DEFAULT mode.
1818 [main] INFO  o.s.d.r.c.RepositoryConfigurationDelegate – Finished Spring Data repository scanning in 50 ms. Found 2 JPA repository interfaces.
2724 [main] INFO  o.s.b.w.e.tomcat.TomcatWebServer – Tomcat initialized with port(s): 8080 (http)
2740 [main] INFO  o.a.coyote.http11.Http11NioProtocol – Initializing ProtocolHandler ["http-nio-8080"]
2740 [main] INFO  o.a.catalina.core.StandardService – Starting service [Tomcat]
2740 [main] INFO  o.a.catalina.core.StandardEngine – Starting Servlet engine: [Apache Tomcat/9.0.58]
2865 [main] INFO  o.a.c.c.C.[Tomcat].[localhost].[/] – Initializing Spring embedded WebApplicationContext
2865 [main] INFO  o.s.b.w.s.c.ServletWebServerApplicationContext – Root WebApplicationContext: initialization completed in 1819 ms
3177 [main] INFO  o.h.jpa.internal.util.LogHelper – HHH000204: Processing PersistenceUnitInfo [name: default]
3224 [main] INFO  org.hibernate.Version – HHH000412: Hibernate ORM core version 5.6.5.Final
3380 [main] INFO  o.h.annotations.common.Version – HCANN000001: Hibernate Commons Annotations {5.1.2.Final}
3474 [main] INFO  com.zaxxer.hikari.HikariDataSource – HikariPool-1 - Starting...
3661 [main] INFO  com.zaxxer.hikari.pool.HikariPool – HikariPool-1 - Added connection org.postgresql.jdbc.PgConnection@4c56644f
3661 [main] INFO  com.zaxxer.hikari.HikariDataSource – HikariPool-1 - Start completed.
3713 [main] INFO  org.hibernate.dialect.Dialect – HHH000400: Using dialect: org.hibernate.dialect.PostgreSQL10Dialect
4565 [main] INFO  o.h.e.t.j.p.i.JtaPlatformInitiator – HHH000490: Using JtaPlatform implementation: [org.hibernate.engine.transaction.jta.platform.internal.NoJtaPlatform]
4585 [main] INFO  o.s.o.j.LocalContainerEntityManagerFactoryBean – Initialized JPA EntityManagerFactory for persistence unit 'default'
5022 [main] WARN  o.s.b.a.o.j.JpaBaseConfiguration$JpaWebConfiguration – spring.jpa.open-in-view is enabled by default. Therefore, database queries may be performed during view rendering. Explicitly configure spring.jpa.open-in-view to disable this warning
5569 [main] INFO  o.s.b.a.e.web.EndpointLinksResolver – Exposing 1 endpoint(s) beneath base path '/actuator'
5601 [main] INFO  o.a.coyote.http11.Http11NioProtocol – Starting ProtocolHandler ["http-nio-8080"]
5632 [main] INFO  o.s.b.w.e.tomcat.TomcatWebServer – Tomcat started on port(s): 8080 (http) with context path ''
5647 [main] INFO  ru.ksenideni.Task14Application – Started Task14Application in 5.213 seconds (JVM running for 6.378)
5679 [scheduling-1] INFO  ru.ksenideni.order.OrderService – Find all orders
5772 [scheduling-1] INFO  ru.ksenideni.aspect.TimeAspect – getAllOrders completed in 109ms
5982 [RMI TCP Connection(3)-172.30.176.1] INFO  o.a.c.c.C.[Tomcat].[localhost].[/] – Initializing Spring DispatcherServlet 'dispatcherServlet'
5982 [RMI TCP Connection(3)-172.30.176.1] INFO  o.s.web.servlet.DispatcherServlet – Initializing Servlet 'dispatcherServlet'
5982 [RMI TCP Connection(3)-172.30.176.1] INFO  o.s.web.servlet.DispatcherServlet – Completed initialization in 0 ms
14937 [http-nio-8080-exec-1] INFO  ru.ksenideni.order.OrderService – Find all orders
14941 [http-nio-8080-exec-1] INFO  ru.ksenideni.aspect.TimeAspect – getAllOrders completed in 4ms
30698 [SpringApplicationShutdownHook] INFO  o.s.o.j.LocalContainerEntityManagerFactoryBean – Closing JPA EntityManagerFactory for persistence unit 'default'
30713 [SpringApplicationShutdownHook] INFO  com.zaxxer.hikari.HikariDataSource – HikariPool-1 - Shutdown initiated...
30713 [SpringApplicationShutdownHook] INFO  com.zaxxer.hikari.HikariDataSource – HikariPool-1 - Shutdown completed.
1040 [main] INFO  ru.ksenideni.Task14Application – Starting Task14Application using Java 17.0.1 on LAPTOP-6ELOLVGJ with PID 9568 (C:\Users\Acer\Desktop\ideaU\task14\target\classes started by Acer in C:\Users\Acer\Desktop\ideaU\task14)
1040 [main] INFO  ru.ksenideni.Task14Application – No active profile set, falling back to 1 default profile: "default"
1781 [main] INFO  o.s.d.r.c.RepositoryConfigurationDelegate – Bootstrapping Spring Data JPA repositories in DEFAULT mode.
1843 [main] INFO  o.s.d.r.c.RepositoryConfigurationDelegate – Finished Spring Data repository scanning in 47 ms. Found 2 JPA repository interfaces.
2871 [main] INFO  o.s.b.w.e.tomcat.TomcatWebServer – Tomcat initialized with port(s): 8080 (http)
2871 [main] INFO  o.a.coyote.http11.Http11NioProtocol – Initializing ProtocolHandler ["http-nio-8080"]
2871 [main] INFO  o.a.catalina.core.StandardService – Starting service [Tomcat]
2871 [main] INFO  o.a.catalina.core.StandardEngine – Starting Servlet engine: [Apache Tomcat/9.0.58]
3039 [main] INFO  o.a.c.c.C.[Tomcat].[localhost].[/] – Initializing Spring embedded WebApplicationContext
3039 [main] INFO  o.s.b.w.s.c.ServletWebServerApplicationContext – Root WebApplicationContext: initialization completed in 1925 ms
3386 [main] INFO  o.h.jpa.internal.util.LogHelper – HHH000204: Processing PersistenceUnitInfo [name: default]
3436 [main] INFO  org.hibernate.Version – HHH000412: Hibernate ORM core version 5.6.5.Final
3576 [main] INFO  o.h.annotations.common.Version – HCANN000001: Hibernate Commons Annotations {5.1.2.Final}
3704 [main] INFO  com.zaxxer.hikari.HikariDataSource – HikariPool-1 - Starting...
3903 [main] INFO  com.zaxxer.hikari.pool.HikariPool – HikariPool-1 - Added connection org.postgresql.jdbc.PgConnection@9729a97
3903 [main] INFO  com.zaxxer.hikari.HikariDataSource – HikariPool-1 - Start completed.
3918 [main] INFO  org.hibernate.dialect.Dialect – HHH000400: Using dialect: org.hibernate.dialect.PostgreSQL10Dialect
4950 [main] INFO  o.h.e.t.j.p.i.JtaPlatformInitiator – HHH000490: Using JtaPlatform implementation: [org.hibernate.engine.transaction.jta.platform.internal.NoJtaPlatform]
4955 [main] INFO  o.s.o.j.LocalContainerEntityManagerFactoryBean – Initialized JPA EntityManagerFactory for persistence unit 'default'
5449 [main] WARN  o.s.b.a.o.j.JpaBaseConfiguration$JpaWebConfiguration – spring.jpa.open-in-view is enabled by default. Therefore, database queries may be performed during view rendering. Explicitly configure spring.jpa.open-in-view to disable this warning
5996 [main] INFO  o.s.b.a.e.web.EndpointLinksResolver – Exposing 1 endpoint(s) beneath base path '/actuator'
6027 [main] INFO  o.a.coyote.http11.Http11NioProtocol – Starting ProtocolHandler ["http-nio-8080"]
6058 [main] INFO  o.s.b.w.e.tomcat.TomcatWebServer – Tomcat started on port(s): 8080 (http) with context path ''
6074 [main] INFO  ru.ksenideni.Task14Application – Started Task14Application in 5.586 seconds (JVM running for 6.805)
6105 [scheduling-1] INFO  ru.ksenideni.order.OrderService – Find all orders
6199 [scheduling-1] INFO  ru.ksenideni.aspect.TimeAspect – getAllOrders completed in 109ms
6463 [RMI TCP Connection(3)-172.30.176.1] INFO  o.a.c.c.C.[Tomcat].[localhost].[/] – Initializing Spring DispatcherServlet 'dispatcherServlet'
6463 [RMI TCP Connection(3)-172.30.176.1] INFO  o.s.web.servlet.DispatcherServlet – Initializing Servlet 'dispatcherServlet'
6463 [RMI TCP Connection(3)-172.30.176.1] INFO  o.s.web.servlet.DispatcherServlet – Completed initialization in 0 ms
36091 [scheduling-1] INFO  ru.ksenideni.order.OrderService – Find all orders
36091 [scheduling-1] INFO  ru.ksenideni.aspect.TimeAspect – getAllOrders completed in 0ms
41721 [SpringApplicationShutdownHook] INFO  o.s.o.j.LocalContainerEntityManagerFactoryBean – Closing JPA EntityManagerFactory for persistence unit 'default'
41721 [SpringApplicationShutdownHook] INFO  com.zaxxer.hikari.HikariDataSource – HikariPool-1 - Shutdown initiated...
41737 [SpringApplicationShutdownHook] INFO  com.zaxxer.hikari.HikariDataSource – HikariPool-1 - Shutdown completed.
1274 [main] INFO  ru.ksenideni.Task14Application – Starting Task14Application using Java 17.0.1 on LAPTOP-6ELOLVGJ with PID 9600 (C:\Users\Acer\Desktop\ideaU\task14\target\classes started by Acer in C:\Users\Acer\Desktop\ideaU\task14)
1274 [main] INFO  ru.ksenideni.Task14Application – No active profile set, falling back to 1 default profile: "default"
2337 [main] INFO  o.s.d.r.c.RepositoryConfigurationDelegate – Bootstrapping Spring Data JPA repositories in DEFAULT mode.
2454 [main] INFO  o.s.d.r.c.RepositoryConfigurationDelegate – Finished Spring Data repository scanning in 91 ms. Found 2 JPA repository interfaces.
3685 [main] INFO  o.s.b.w.e.tomcat.TomcatWebServer – Tomcat initialized with port(s): 8080 (http)
3701 [main] INFO  o.a.coyote.http11.Http11NioProtocol – Initializing ProtocolHandler ["http-nio-8080"]
3701 [main] INFO  o.a.catalina.core.StandardService – Starting service [Tomcat]
3701 [main] INFO  o.a.catalina.core.StandardEngine – Starting Servlet engine: [Apache Tomcat/9.0.58]
3848 [main] INFO  o.a.c.c.C.[Tomcat].[localhost].[/] – Initializing Spring embedded WebApplicationContext
3848 [main] INFO  o.s.b.w.s.c.ServletWebServerApplicationContext – Root WebApplicationContext: initialization completed in 2477 ms
4202 [main] INFO  o.h.jpa.internal.util.LogHelper – HHH000204: Processing PersistenceUnitInfo [name: default]
4271 [main] INFO  org.hibernate.Version – HHH000412: Hibernate ORM core version 5.6.5.Final
4472 [main] INFO  o.h.annotations.common.Version – HCANN000001: Hibernate Commons Annotations {5.1.2.Final}
4650 [main] INFO  com.zaxxer.hikari.HikariDataSource – HikariPool-1 - Starting...
4973 [main] INFO  com.zaxxer.hikari.pool.HikariPool – HikariPool-1 - Added connection org.postgresql.jdbc.PgConnection@4adf3582
4989 [main] INFO  com.zaxxer.hikari.HikariDataSource – HikariPool-1 - Start completed.
5004 [main] INFO  org.hibernate.dialect.Dialect – HHH000400: Using dialect: org.hibernate.dialect.PostgreSQL10Dialect
6090 [main] INFO  o.h.e.t.j.p.i.JtaPlatformInitiator – HHH000490: Using JtaPlatform implementation: [org.hibernate.engine.transaction.jta.platform.internal.NoJtaPlatform]
6106 [main] INFO  o.s.o.j.LocalContainerEntityManagerFactoryBean – Initialized JPA EntityManagerFactory for persistence unit 'default'
6761 [main] WARN  o.s.b.a.o.j.JpaBaseConfiguration$JpaWebConfiguration – spring.jpa.open-in-view is enabled by default. Therefore, database queries may be performed during view rendering. Explicitly configure spring.jpa.open-in-view to disable this warning
7562 [main] INFO  o.s.b.a.e.web.EndpointLinksResolver – Exposing 1 endpoint(s) beneath base path '/actuator'
7607 [main] INFO  o.a.coyote.http11.Http11NioProtocol – Starting ProtocolHandler ["http-nio-8080"]
7654 [main] INFO  o.s.b.w.e.tomcat.TomcatWebServer – Tomcat started on port(s): 8080 (http) with context path ''
7679 [main] INFO  ru.ksenideni.Task14Application – Started Task14Application in 7.074 seconds (JVM running for 8.469)
7710 [scheduling-1] INFO  ru.ksenideni.order.OrderService – Find all orders
7880 [scheduling-1] INFO  ru.ksenideni.aspect.TimeAspect – getAllOrders completed in 185ms
8066 [RMI TCP Connection(3)-172.30.176.1] INFO  o.a.c.c.C.[Tomcat].[localhost].[/] – Initializing Spring DispatcherServlet 'dispatcherServlet'
8066 [RMI TCP Connection(3)-172.30.176.1] INFO  o.s.web.servlet.DispatcherServlet – Initializing Servlet 'dispatcherServlet'
8071 [RMI TCP Connection(3)-172.30.176.1] INFO  o.s.web.servlet.DispatcherServlet – Completed initialization in 5 ms
37706 [scheduling-1] INFO  ru.ksenideni.order.OrderService – Find all orders
37721 [scheduling-1] INFO  ru.ksenideni.aspect.TimeAspect – getAllOrders completed in 15ms
57231 [SpringApplicationShutdownHook] INFO  o.s.o.j.LocalContainerEntityManagerFactoryBean – Closing JPA EntityManagerFactory for persistence unit 'default'
57231 [SpringApplicationShutdownHook] INFO  com.zaxxer.hikari.HikariDataSource – HikariPool-1 - Shutdown initiated...
57231 [SpringApplicationShutdownHook] INFO  com.zaxxer.hikari.HikariDataSource – HikariPool-1 - Shutdown completed.
2627 [main] INFO  ru.ksenideni.Task14Application – Starting Task14Application using Java 17.0.1 on LAPTOP-6ELOLVGJ with PID 13892 (C:\Users\Acer\Desktop\ideaU\task14\target\classes started by Acer in C:\Users\Acer\Desktop\ideaU\task14)
2640 [main] INFO  ru.ksenideni.Task14Application – No active profile set, falling back to 1 default profile: "default"
4098 [main] INFO  o.s.d.r.c.RepositoryConfigurationDelegate – Bootstrapping Spring Data JPA repositories in DEFAULT mode.
4254 [main] INFO  o.s.d.r.c.RepositoryConfigurationDelegate – Finished Spring Data repository scanning in 129 ms. Found 2 JPA repository interfaces.
6394 [main] INFO  o.s.b.w.e.tomcat.TomcatWebServer – Tomcat initialized with port(s): 8080 (http)
6417 [main] INFO  o.a.coyote.http11.Http11NioProtocol – Initializing ProtocolHandler ["http-nio-8080"]
6419 [main] INFO  o.a.catalina.core.StandardService – Starting service [Tomcat]
6420 [main] INFO  o.a.catalina.core.StandardEngine – Starting Servlet engine: [Apache Tomcat/9.0.58]
6633 [main] INFO  o.a.c.c.C.[Tomcat].[localhost].[/] – Initializing Spring embedded WebApplicationContext
6633 [main] INFO  o.s.b.w.s.c.ServletWebServerApplicationContext – Root WebApplicationContext: initialization completed in 3887 ms
7270 [main] INFO  o.h.jpa.internal.util.LogHelper – HHH000204: Processing PersistenceUnitInfo [name: default]
7386 [main] INFO  org.hibernate.Version – HHH000412: Hibernate ORM core version 5.6.5.Final
7720 [main] INFO  o.h.annotations.common.Version – HCANN000001: Hibernate Commons Annotations {5.1.2.Final}
7943 [main] INFO  com.zaxxer.hikari.HikariDataSource – HikariPool-1 - Starting...
8511 [main] INFO  com.zaxxer.hikari.pool.HikariPool – HikariPool-1 - Added connection org.postgresql.jdbc.PgConnection@64bba0eb
8516 [main] INFO  com.zaxxer.hikari.HikariDataSource – HikariPool-1 - Start completed.
8553 [main] INFO  org.hibernate.dialect.Dialect – HHH000400: Using dialect: org.hibernate.dialect.PostgreSQL10Dialect
10116 [main] INFO  o.h.e.t.j.p.i.JtaPlatformInitiator – HHH000490: Using JtaPlatform implementation: [org.hibernate.engine.transaction.jta.platform.internal.NoJtaPlatform]
10135 [main] INFO  o.s.o.j.LocalContainerEntityManagerFactoryBean – Initialized JPA EntityManagerFactory for persistence unit 'default'
11004 [main] WARN  o.s.b.a.o.j.JpaBaseConfiguration$JpaWebConfiguration – spring.jpa.open-in-view is enabled by default. Therefore, database queries may be performed during view rendering. Explicitly configure spring.jpa.open-in-view to disable this warning
12054 [main] INFO  o.s.b.a.e.web.EndpointLinksResolver – Exposing 1 endpoint(s) beneath base path '/actuator'
12127 [main] INFO  o.a.coyote.http11.Http11NioProtocol – Starting ProtocolHandler ["http-nio-8080"]
12175 [main] INFO  o.s.b.w.e.tomcat.TomcatWebServer – Tomcat started on port(s): 8080 (http) with context path ''
12207 [main] INFO  ru.ksenideni.Task14Application – Started Task14Application in 10.926 seconds (JVM running for 13.268)
12256 [scheduling-1] INFO  ru.ksenideni.order.OrderService – Find all orders
12494 [scheduling-1] INFO  ru.ksenideni.aspect.TimeAspect – getAllOrders completed in 263ms
12688 [RMI TCP Connection(3)-172.30.176.1] INFO  o.a.c.c.C.[Tomcat].[localhost].[/] – Initializing Spring DispatcherServlet 'dispatcherServlet'
12688 [RMI TCP Connection(3)-172.30.176.1] INFO  o.s.web.servlet.DispatcherServlet – Initializing Servlet 'dispatcherServlet'
12692 [RMI TCP Connection(3)-172.30.176.1] INFO  o.s.web.servlet.DispatcherServlet – Completed initialization in 3 ms
91828 [SpringApplicationShutdownHook] INFO  o.s.o.j.LocalContainerEntityManagerFactoryBean – Closing JPA EntityManagerFactory for persistence unit 'default'
91839 [SpringApplicationShutdownHook] INFO  com.zaxxer.hikari.HikariDataSource – HikariPool-1 - Shutdown initiated...
91870 [SpringApplicationShutdownHook] INFO  com.zaxxer.hikari.HikariDataSource – HikariPool-1 - Shutdown completed.
1558 [main] INFO  ru.ksenideni.Task14Application – Starting Task14Application using Java 17.0.1 on LAPTOP-6ELOLVGJ with PID 7156 (C:\Users\Acer\Desktop\ideaU\task14\target\classes started by Acer in C:\Users\Acer\Desktop\ideaU\task14)
1564 [main] INFO  ru.ksenideni.Task14Application – No active profile set, falling back to 1 default profile: "default"
3033 [main] INFO  o.s.d.r.c.RepositoryConfigurationDelegate – Bootstrapping Spring Data JPA repositories in DEFAULT mode.
3182 [main] INFO  o.s.d.r.c.RepositoryConfigurationDelegate – Finished Spring Data repository scanning in 124 ms. Found 2 JPA repository interfaces.
5245 [main] INFO  o.s.b.w.e.tomcat.TomcatWebServer – Tomcat initialized with port(s): 8080 (http)
5267 [main] INFO  o.a.coyote.http11.Http11NioProtocol – Initializing ProtocolHandler ["http-nio-8080"]
5268 [main] INFO  o.a.catalina.core.StandardService – Starting service [Tomcat]
5269 [main] INFO  o.a.catalina.core.StandardEngine – Starting Servlet engine: [Apache Tomcat/9.0.58]
5565 [main] INFO  o.a.c.c.C.[Tomcat].[localhost].[/] – Initializing Spring embedded WebApplicationContext
5566 [main] INFO  o.s.b.w.s.c.ServletWebServerApplicationContext – Root WebApplicationContext: initialization completed in 3876 ms
6270 [main] INFO  o.h.jpa.internal.util.LogHelper – HHH000204: Processing PersistenceUnitInfo [name: default]
6434 [main] INFO  org.hibernate.Version – HHH000412: Hibernate ORM core version 5.6.5.Final
6820 [main] INFO  o.h.annotations.common.Version – HCANN000001: Hibernate Commons Annotations {5.1.2.Final}
7025 [main] INFO  com.zaxxer.hikari.HikariDataSource – HikariPool-1 - Starting...
7608 [main] INFO  com.zaxxer.hikari.pool.HikariPool – HikariPool-1 - Added connection org.postgresql.jdbc.PgConnection@22b82ddf
7613 [main] INFO  com.zaxxer.hikari.HikariDataSource – HikariPool-1 - Start completed.
7676 [main] INFO  org.hibernate.dialect.Dialect – HHH000400: Using dialect: org.hibernate.dialect.PostgreSQL10Dialect
9219 [main] INFO  o.h.e.t.j.p.i.JtaPlatformInitiator – HHH000490: Using JtaPlatform implementation: [org.hibernate.engine.transaction.jta.platform.internal.NoJtaPlatform]
9239 [main] INFO  o.s.o.j.LocalContainerEntityManagerFactoryBean – Initialized JPA EntityManagerFactory for persistence unit 'default'
10138 [main] WARN  o.s.b.a.o.j.JpaBaseConfiguration$JpaWebConfiguration – spring.jpa.open-in-view is enabled by default. Therefore, database queries may be performed during view rendering. Explicitly configure spring.jpa.open-in-view to disable this warning
11299 [main] INFO  o.s.b.a.e.web.EndpointLinksResolver – Exposing 1 endpoint(s) beneath base path '/actuator'
11382 [main] INFO  o.a.coyote.http11.Http11NioProtocol – Starting ProtocolHandler ["http-nio-8080"]
11451 [main] INFO  o.s.b.w.e.tomcat.TomcatWebServer – Tomcat started on port(s): 8080 (http) with context path ''
11490 [main] INFO  ru.ksenideni.Task14Application – Started Task14Application in 10.751 seconds (JVM running for 12.511)
11532 [scheduling-1] INFO  ru.ksenideni.order.OrderService – Find all orders
11992 [RMI TCP Connection(4)-172.30.176.1] INFO  o.a.c.c.C.[Tomcat].[localhost].[/] – Initializing Spring DispatcherServlet 'dispatcherServlet'
11993 [RMI TCP Connection(4)-172.30.176.1] INFO  o.s.web.servlet.DispatcherServlet – Initializing Servlet 'dispatcherServlet'
12000 [RMI TCP Connection(4)-172.30.176.1] INFO  o.s.web.servlet.DispatcherServlet – Completed initialization in 6 ms
12057 [scheduling-1] INFO  ru.ksenideni.aspect.TimeAspect – getAllOrders completed in 548ms
165399 [SpringApplicationShutdownHook] INFO  o.s.o.j.LocalContainerEntityManagerFactoryBean – Closing JPA EntityManagerFactory for persistence unit 'default'
165401 [SpringApplicationShutdownHook] INFO  com.zaxxer.hikari.HikariDataSource – HikariPool-1 - Shutdown initiated...
165413 [SpringApplicationShutdownHook] INFO  com.zaxxer.hikari.HikariDataSource – HikariPool-1 - Shutdown completed.
1159 [main] INFO  ru.ksenideni.Task14Application – Starting Task14Application using Java 17.0.1 on LAPTOP-6ELOLVGJ with PID 11076 (C:\Users\Acer\Desktop\ideaU\task14\target\classes started by Acer in C:\Users\Acer\Desktop\ideaU\task14)
1166 [main] INFO  ru.ksenideni.Task14Application – No active profile set, falling back to 1 default profile: "default"
2539 [main] INFO  o.s.d.r.c.RepositoryConfigurationDelegate – Bootstrapping Spring Data JPA repositories in DEFAULT mode.
2675 [main] INFO  o.s.d.r.c.RepositoryConfigurationDelegate – Finished Spring Data repository scanning in 109 ms. Found 2 JPA repository interfaces.
4624 [main] INFO  o.s.b.w.e.tomcat.TomcatWebServer – Tomcat initialized with port(s): 8080 (http)
4641 [main] INFO  o.a.coyote.http11.Http11NioProtocol – Initializing ProtocolHandler ["http-nio-8080"]
4642 [main] INFO  o.a.catalina.core.StandardService – Starting service [Tomcat]
4642 [main] INFO  o.a.catalina.core.StandardEngine – Starting Servlet engine: [Apache Tomcat/9.0.58]
4842 [main] INFO  o.a.c.c.C.[Tomcat].[localhost].[/] – Initializing Spring embedded WebApplicationContext
4843 [main] INFO  o.s.b.w.s.c.ServletWebServerApplicationContext – Root WebApplicationContext: initialization completed in 3563 ms
5430 [main] INFO  o.h.jpa.internal.util.LogHelper – HHH000204: Processing PersistenceUnitInfo [name: default]
5527 [main] INFO  org.hibernate.Version – HHH000412: Hibernate ORM core version 5.6.5.Final
5846 [main] INFO  o.h.annotations.common.Version – HCANN000001: Hibernate Commons Annotations {5.1.2.Final}
6076 [main] INFO  com.zaxxer.hikari.HikariDataSource – HikariPool-1 - Starting...
6434 [main] INFO  com.zaxxer.hikari.pool.HikariPool – HikariPool-1 - Added connection org.postgresql.jdbc.PgConnection@23b71d24
6442 [main] INFO  com.zaxxer.hikari.HikariDataSource – HikariPool-1 - Start completed.
6493 [main] INFO  org.hibernate.dialect.Dialect – HHH000400: Using dialect: org.hibernate.dialect.PostgreSQL10Dialect
8043 [main] INFO  o.h.e.t.j.p.i.JtaPlatformInitiator – HHH000490: Using JtaPlatform implementation: [org.hibernate.engine.transaction.jta.platform.internal.NoJtaPlatform]
8062 [main] INFO  o.s.o.j.LocalContainerEntityManagerFactoryBean – Initialized JPA EntityManagerFactory for persistence unit 'default'
9011 [main] WARN  o.s.b.a.o.j.JpaBaseConfiguration$JpaWebConfiguration – spring.jpa.open-in-view is enabled by default. Therefore, database queries may be performed during view rendering. Explicitly configure spring.jpa.open-in-view to disable this warning
10132 [main] INFO  o.s.b.a.e.web.EndpointLinksResolver – Exposing 1 endpoint(s) beneath base path '/actuator'
10219 [main] INFO  o.a.coyote.http11.Http11NioProtocol – Starting ProtocolHandler ["http-nio-8080"]
10279 [main] INFO  o.s.b.w.e.tomcat.TomcatWebServer – Tomcat started on port(s): 8080 (http) with context path ''
10318 [main] INFO  ru.ksenideni.Task14Application – Started Task14Application in 9.709 seconds (JVM running for 11.772)
10360 [scheduling-1] INFO  ru.ksenideni.order.OrderService – Find all orders
10633 [scheduling-1] INFO  ru.ksenideni.aspect.TimeAspect – getAllOrders completed in 299ms
10960 [RMI TCP Connection(2)-172.30.176.1] INFO  o.a.c.c.C.[Tomcat].[localhost].[/] – Initializing Spring DispatcherServlet 'dispatcherServlet'
10962 [RMI TCP Connection(2)-172.30.176.1] INFO  o.s.web.servlet.DispatcherServlet – Initializing Servlet 'dispatcherServlet'
10966 [RMI TCP Connection(2)-172.30.176.1] INFO  o.s.web.servlet.DispatcherServlet – Completed initialization in 4 ms
71682 [RMI TCP Connection(6)-172.30.176.1] INFO  ru.ksenideni.order.OrderService – Find all orders
71693 [RMI TCP Connection(6)-172.30.176.1] INFO  ru.ksenideni.aspect.TimeAspect – getAllOrders completed in 11ms
149978 [RMI TCP Connection(6)-172.30.176.1] INFO  ru.ksenideni.order.OrderService – Find all orders
149984 [RMI TCP Connection(6)-172.30.176.1] INFO  ru.ksenideni.aspect.TimeAspect – getAllOrders completed in 6ms
242700 [SpringApplicationShutdownHook] INFO  o.s.o.j.LocalContainerEntityManagerFactoryBean – Closing JPA EntityManagerFactory for persistence unit 'default'
242704 [SpringApplicationShutdownHook] INFO  com.zaxxer.hikari.HikariDataSource – HikariPool-1 - Shutdown initiated...
242715 [SpringApplicationShutdownHook] INFO  com.zaxxer.hikari.HikariDataSource – HikariPool-1 - Shutdown completed.
1713 [main] INFO  ru.ksenideni.Task14Application – Starting Task14Application using Java 17.0.1 on LAPTOP-6ELOLVGJ with PID 13908 (C:\Users\Acer\Desktop\ideaU\task14\target\classes started by Acer in C:\Users\Acer\Desktop\ideaU\task14)
1717 [main] INFO  ru.ksenideni.Task14Application – No active profile set, falling back to 1 default profile: "default"
2999 [main] INFO  o.s.d.r.c.RepositoryConfigurationDelegate – Bootstrapping Spring Data JPA repositories in DEFAULT mode.
3155 [main] INFO  o.s.d.r.c.RepositoryConfigurationDelegate – Finished Spring Data repository scanning in 125 ms. Found 2 JPA repository interfaces.
5279 [main] INFO  o.s.b.w.e.tomcat.TomcatWebServer – Tomcat initialized with port(s): 8080 (http)
5296 [main] INFO  o.a.coyote.http11.Http11NioProtocol – Initializing ProtocolHandler ["http-nio-8080"]
5298 [main] INFO  o.a.catalina.core.StandardService – Starting service [Tomcat]
5299 [main] INFO  o.a.catalina.core.StandardEngine – Starting Servlet engine: [Apache Tomcat/9.0.58]
5556 [main] INFO  o.a.c.c.C.[Tomcat].[localhost].[/] – Initializing Spring embedded WebApplicationContext
5557 [main] INFO  o.s.b.w.s.c.ServletWebServerApplicationContext – Root WebApplicationContext: initialization completed in 3756 ms
6196 [main] INFO  o.h.jpa.internal.util.LogHelper – HHH000204: Processing PersistenceUnitInfo [name: default]
6304 [main] INFO  org.hibernate.Version – HHH000412: Hibernate ORM core version 5.6.5.Final
6562 [main] INFO  o.h.annotations.common.Version – HCANN000001: Hibernate Commons Annotations {5.1.2.Final}
6760 [main] INFO  com.zaxxer.hikari.HikariDataSource – HikariPool-1 - Starting...
7196 [main] INFO  com.zaxxer.hikari.pool.HikariPool – HikariPool-1 - Added connection org.postgresql.jdbc.PgConnection@20b829d5
7200 [main] INFO  com.zaxxer.hikari.HikariDataSource – HikariPool-1 - Start completed.
7247 [main] INFO  org.hibernate.dialect.Dialect – HHH000400: Using dialect: org.hibernate.dialect.PostgreSQL10Dialect
8982 [main] INFO  o.h.e.t.j.p.i.JtaPlatformInitiator – HHH000490: Using JtaPlatform implementation: [org.hibernate.engine.transaction.jta.platform.internal.NoJtaPlatform]
9003 [main] INFO  o.s.o.j.LocalContainerEntityManagerFactoryBean – Initialized JPA EntityManagerFactory for persistence unit 'default'
9852 [main] WARN  o.s.b.a.o.j.JpaBaseConfiguration$JpaWebConfiguration – spring.jpa.open-in-view is enabled by default. Therefore, database queries may be performed during view rendering. Explicitly configure spring.jpa.open-in-view to disable this warning
10941 [main] INFO  o.s.b.a.e.web.EndpointLinksResolver – Exposing 1 endpoint(s) beneath base path '/actuator'
11046 [main] INFO  o.a.coyote.http11.Http11NioProtocol – Starting ProtocolHandler ["http-nio-8080"]
11110 [main] INFO  o.s.b.w.e.tomcat.TomcatWebServer – Tomcat started on port(s): 8080 (http) with context path ''
11159 [main] INFO  ru.ksenideni.Task14Application – Started Task14Application in 10.145 seconds (JVM running for 12.216)
11214 [scheduling-1] INFO  ru.ksenideni.order.OrderService – Find all orders
11477 [scheduling-1] INFO  ru.ksenideni.aspect.TimeAspect – getAllOrders completed in 301ms
11550 [RMI TCP Connection(3)-172.30.176.1] INFO  o.a.c.c.C.[Tomcat].[localhost].[/] – Initializing Spring DispatcherServlet 'dispatcherServlet'
11551 [RMI TCP Connection(3)-172.30.176.1] INFO  o.s.web.servlet.DispatcherServlet – Initializing Servlet 'dispatcherServlet'
11554 [RMI TCP Connection(3)-172.30.176.1] INFO  o.s.web.servlet.DispatcherServlet – Completed initialization in 3 ms
34827 [RMI TCP Connection(9)-172.30.176.1] INFO  ru.ksenideni.order.OrderService – Find all orders
34833 [RMI TCP Connection(9)-172.30.176.1] INFO  ru.ksenideni.aspect.TimeAspect – getAllOrders completed in 6ms
54316 [RMI TCP Connection(7)-172.30.176.1] INFO  ru.ksenideni.order.OrderService – Find all orders
54323 [RMI TCP Connection(7)-172.30.176.1] INFO  ru.ksenideni.aspect.TimeAspect – getAllOrders completed in 7ms
62323 [SpringApplicationShutdownHook] INFO  o.s.o.j.LocalContainerEntityManagerFactoryBean – Closing JPA EntityManagerFactory for persistence unit 'default'
62326 [SpringApplicationShutdownHook] INFO  com.zaxxer.hikari.HikariDataSource – HikariPool-1 - Shutdown initiated...
62339 [SpringApplicationShutdownHook] INFO  com.zaxxer.hikari.HikariDataSource – HikariPool-1 - Shutdown completed.
